                              1 ;--------------------------------------------------------
                              2 ; File Created by SDCC : free open source ANSI-C Compiler
                              3 ; Version 3.0.0 #6037 (Feb 22 2011) (Linux)
                              4 ; This file was generated Wed Jul 27 01:39:22 2011
                              5 ;--------------------------------------------------------
                              6 	.module eputils
                              7 	.optsdcc -mmcs51 --model-small
                              8 	
                              9 ;--------------------------------------------------------
                             10 ; Public variables in this module
                             11 ;--------------------------------------------------------
                             12 	.globl _writeep0_PARM_2
                             13 	.globl _readep0_PARM_2
                             14 	.globl _EIPX6
                             15 	.globl _EIPX5
                             16 	.globl _EIPX4
                             17 	.globl _PI2C
                             18 	.globl _PUSB
                             19 	.globl _EIEX6
                             20 	.globl _EIEX5
                             21 	.globl _EIEX4
                             22 	.globl _EI2C
                             23 	.globl _EUSB
                             24 	.globl _SMOD1
                             25 	.globl _ERESI
                             26 	.globl _RESI
                             27 	.globl _INT6
                             28 	.globl _CY
                             29 	.globl _AC
                             30 	.globl _F0
                             31 	.globl _RS1
                             32 	.globl _RS0
                             33 	.globl _OV
                             34 	.globl _FL
                             35 	.globl _P
                             36 	.globl _TF2
                             37 	.globl _EXF2
                             38 	.globl _RCLK
                             39 	.globl _TCLK
                             40 	.globl _EXEN2
                             41 	.globl _TR2
                             42 	.globl _C_T2
                             43 	.globl _CP_RL2
                             44 	.globl _SM01
                             45 	.globl _SM11
                             46 	.globl _SM21
                             47 	.globl _REN1
                             48 	.globl _TB81
                             49 	.globl _RB81
                             50 	.globl _TI1
                             51 	.globl _RI1
                             52 	.globl _PS1
                             53 	.globl _PT2
                             54 	.globl _PS0
                             55 	.globl _PT1
                             56 	.globl _PX1
                             57 	.globl _PT0
                             58 	.globl _PX0
                             59 	.globl _PD7
                             60 	.globl _PD6
                             61 	.globl _PD5
                             62 	.globl _PD4
                             63 	.globl _PD3
                             64 	.globl _PD2
                             65 	.globl _PD1
                             66 	.globl _PD0
                             67 	.globl _EA
                             68 	.globl _ES1
                             69 	.globl _ET2
                             70 	.globl _ES0
                             71 	.globl _ET1
                             72 	.globl _EX1
                             73 	.globl _ET0
                             74 	.globl _EX0
                             75 	.globl _PC7
                             76 	.globl _PC6
                             77 	.globl _PC5
                             78 	.globl _PC4
                             79 	.globl _PC3
                             80 	.globl _PC2
                             81 	.globl _PC1
                             82 	.globl _PC0
                             83 	.globl _SM0
                             84 	.globl _SM1
                             85 	.globl _SM2
                             86 	.globl _REN
                             87 	.globl _TB8
                             88 	.globl _RB8
                             89 	.globl _TI
                             90 	.globl _RI
                             91 	.globl _PB7
                             92 	.globl _PB6
                             93 	.globl _PB5
                             94 	.globl _PB4
                             95 	.globl _PB3
                             96 	.globl _PB2
                             97 	.globl _PB1
                             98 	.globl _PB0
                             99 	.globl _TF1
                            100 	.globl _TR1
                            101 	.globl _TF0
                            102 	.globl _TR0
                            103 	.globl _IE1
                            104 	.globl _IT1
                            105 	.globl _IE0
                            106 	.globl _IT0
                            107 	.globl _PA7
                            108 	.globl _PA6
                            109 	.globl _PA5
                            110 	.globl _PA4
                            111 	.globl _PA3
                            112 	.globl _PA2
                            113 	.globl _PA1
                            114 	.globl _PA0
                            115 	.globl _EIP
                            116 	.globl _B
                            117 	.globl _EIE
                            118 	.globl _ACC
                            119 	.globl _EICON
                            120 	.globl _PSW
                            121 	.globl _TH2
                            122 	.globl _TL2
                            123 	.globl _RCAP2H
                            124 	.globl _RCAP2L
                            125 	.globl _T2CON
                            126 	.globl _SBUF1
                            127 	.globl _SCON1
                            128 	.globl _GPIFSGLDATLNOX
                            129 	.globl _GPIFSGLDATLX
                            130 	.globl _GPIFSGLDATH
                            131 	.globl _GPIFTRIG
                            132 	.globl _EP01STAT
                            133 	.globl _IP
                            134 	.globl _OEE
                            135 	.globl _OED
                            136 	.globl _OEC
                            137 	.globl _OEB
                            138 	.globl _OEA
                            139 	.globl _IOE
                            140 	.globl _IOD
                            141 	.globl _AUTOPTRSETUP
                            142 	.globl _EP68FIFOFLGS
                            143 	.globl _EP24FIFOFLGS
                            144 	.globl _EP2468STAT
                            145 	.globl _IE
                            146 	.globl _INT4CLR
                            147 	.globl _INT2CLR
                            148 	.globl _IOC
                            149 	.globl _AUTOPTRL2
                            150 	.globl _AUTOPTRH2
                            151 	.globl _AUTOPTRL1
                            152 	.globl _AUTOPTRH1
                            153 	.globl _SBUF0
                            154 	.globl _SCON0
                            155 	.globl __XPAGE
                            156 	.globl _EXIF
                            157 	.globl _IOB
                            158 	.globl _CKCON
                            159 	.globl _TH1
                            160 	.globl _TH0
                            161 	.globl _TL1
                            162 	.globl _TL0
                            163 	.globl _TMOD
                            164 	.globl _TCON
                            165 	.globl _PCON
                            166 	.globl _DPS
                            167 	.globl _DPH1
                            168 	.globl _DPL1
                            169 	.globl _DPH
                            170 	.globl _DPL
                            171 	.globl _SP
                            172 	.globl _IOA
                            173 	.globl _GPCR2
                            174 	.globl _ECC2B2
                            175 	.globl _ECC2B1
                            176 	.globl _ECC2B0
                            177 	.globl _ECC1B2
                            178 	.globl _ECC1B1
                            179 	.globl _ECC1B0
                            180 	.globl _ECCRESET
                            181 	.globl _ECCCFG
                            182 	.globl _EP8FIFOBUF
                            183 	.globl _EP6FIFOBUF
                            184 	.globl _EP4FIFOBUF
                            185 	.globl _EP2FIFOBUF
                            186 	.globl _EP1INBUF
                            187 	.globl _EP1OUTBUF
                            188 	.globl _EP0BUF
                            189 	.globl _UDMACRCQUAL
                            190 	.globl _UDMACRCL
                            191 	.globl _UDMACRCH
                            192 	.globl _GPIFHOLDAMOUNT
                            193 	.globl _FLOWSTBHPERIOD
                            194 	.globl _FLOWSTBEDGE
                            195 	.globl _FLOWSTB
                            196 	.globl _FLOWHOLDOFF
                            197 	.globl _FLOWEQ1CTL
                            198 	.globl _FLOWEQ0CTL
                            199 	.globl _FLOWLOGIC
                            200 	.globl _FLOWSTATE
                            201 	.globl _GPIFABORT
                            202 	.globl _GPIFREADYSTAT
                            203 	.globl _GPIFREADYCFG
                            204 	.globl _XGPIFSGLDATLNOX
                            205 	.globl _XGPIFSGLDATLX
                            206 	.globl _XGPIFSGLDATH
                            207 	.globl _EP8GPIFTRIG
                            208 	.globl _EP8GPIFPFSTOP
                            209 	.globl _EP8GPIFFLGSEL
                            210 	.globl _EP6GPIFTRIG
                            211 	.globl _EP6GPIFPFSTOP
                            212 	.globl _EP6GPIFFLGSEL
                            213 	.globl _EP4GPIFTRIG
                            214 	.globl _EP4GPIFPFSTOP
                            215 	.globl _EP4GPIFFLGSEL
                            216 	.globl _EP2GPIFTRIG
                            217 	.globl _EP2GPIFPFSTOP
                            218 	.globl _EP2GPIFFLGSEL
                            219 	.globl _GPIFTCB0
                            220 	.globl _GPIFTCB1
                            221 	.globl _GPIFTCB2
                            222 	.globl _GPIFTCB3
                            223 	.globl _GPIFADRL
                            224 	.globl _GPIFADRH
                            225 	.globl _GPIFCTLCFG
                            226 	.globl _GPIFIDLECTL
                            227 	.globl _GPIFIDLECS
                            228 	.globl _GPIFWFSELECT
                            229 	.globl _SETUPDAT
                            230 	.globl _SUDPTRCTL
                            231 	.globl _SUDPTRL
                            232 	.globl _SUDPTRH
                            233 	.globl _EP8FIFOBCL
                            234 	.globl _EP8FIFOBCH
                            235 	.globl _EP6FIFOBCL
                            236 	.globl _EP6FIFOBCH
                            237 	.globl _EP4FIFOBCL
                            238 	.globl _EP4FIFOBCH
                            239 	.globl _EP2FIFOBCL
                            240 	.globl _EP2FIFOBCH
                            241 	.globl _EP8FIFOFLGS
                            242 	.globl _EP6FIFOFLGS
                            243 	.globl _EP4FIFOFLGS
                            244 	.globl _EP2FIFOFLGS
                            245 	.globl _EP8CS
                            246 	.globl _EP6CS
                            247 	.globl _EP4CS
                            248 	.globl _EP2CS
                            249 	.globl _EP1INCS
                            250 	.globl _EP1OUTCS
                            251 	.globl _EP0CS
                            252 	.globl _EP8BCL
                            253 	.globl _EP8BCH
                            254 	.globl _EP6BCL
                            255 	.globl _EP6BCH
                            256 	.globl _EP4BCL
                            257 	.globl _EP4BCH
                            258 	.globl _EP2BCL
                            259 	.globl _EP2BCH
                            260 	.globl _EP1INBC
                            261 	.globl _EP1OUTBC
                            262 	.globl _EP0BCL
                            263 	.globl _EP0BCH
                            264 	.globl _FNADDR
                            265 	.globl _MICROFRAME
                            266 	.globl _USBFRAMEL
                            267 	.globl _USBFRAMEH
                            268 	.globl _TOGCTL
                            269 	.globl _WAKEUPCS
                            270 	.globl _SUSPEND
                            271 	.globl _USBCS
                            272 	.globl _XAUTODAT2
                            273 	.globl _XAUTODAT1
                            274 	.globl _I2CTL
                            275 	.globl _I2DAT
                            276 	.globl _I2CS
                            277 	.globl _PORTECFG
                            278 	.globl _PORTCCFG
                            279 	.globl _PORTACFG
                            280 	.globl _INTSETUP
                            281 	.globl _INT4IVEC
                            282 	.globl _INT2IVEC
                            283 	.globl _CLRERRCNT
                            284 	.globl _ERRCNTLIM
                            285 	.globl _USBERRIRQ
                            286 	.globl _USBERRIE
                            287 	.globl _GPIFIRQ
                            288 	.globl _GPIFIE
                            289 	.globl _EPIRQ
                            290 	.globl _EPIE
                            291 	.globl _USBIRQ
                            292 	.globl _USBIE
                            293 	.globl _NAKIRQ
                            294 	.globl _NAKIE
                            295 	.globl _IBNIRQ
                            296 	.globl _IBNIE
                            297 	.globl _EP8FIFOIRQ
                            298 	.globl _EP8FIFOIE
                            299 	.globl _EP6FIFOIRQ
                            300 	.globl _EP6FIFOIE
                            301 	.globl _EP4FIFOIRQ
                            302 	.globl _EP4FIFOIE
                            303 	.globl _EP2FIFOIRQ
                            304 	.globl _EP2FIFOIE
                            305 	.globl _OUTPKTEND
                            306 	.globl _INPKTEND
                            307 	.globl _EP8ISOINPKTS
                            308 	.globl _EP6ISOINPKTS
                            309 	.globl _EP4ISOINPKTS
                            310 	.globl _EP2ISOINPKTS
                            311 	.globl _EP8FIFOPFL
                            312 	.globl _EP8FIFOPFH
                            313 	.globl _EP6FIFOPFL
                            314 	.globl _EP6FIFOPFH
                            315 	.globl _EP4FIFOPFL
                            316 	.globl _EP4FIFOPFH
                            317 	.globl _EP2FIFOPFL
                            318 	.globl _EP2FIFOPFH
                            319 	.globl _EP8AUTOINLENL
                            320 	.globl _EP8AUTOINLENH
                            321 	.globl _EP6AUTOINLENL
                            322 	.globl _EP6AUTOINLENH
                            323 	.globl _EP4AUTOINLENL
                            324 	.globl _EP4AUTOINLENH
                            325 	.globl _EP2AUTOINLENL
                            326 	.globl _EP2AUTOINLENH
                            327 	.globl _EP8FIFOCFG
                            328 	.globl _EP6FIFOCFG
                            329 	.globl _EP4FIFOCFG
                            330 	.globl _EP2FIFOCFG
                            331 	.globl _EP8CFG
                            332 	.globl _EP6CFG
                            333 	.globl _EP4CFG
                            334 	.globl _EP2CFG
                            335 	.globl _EP1INCFG
                            336 	.globl _EP1OUTCFG
                            337 	.globl _REVCTL
                            338 	.globl _REVID
                            339 	.globl _FIFOPINPOLAR
                            340 	.globl _UART230
                            341 	.globl _BPADDRL
                            342 	.globl _BPADDRH
                            343 	.globl _BREAKPT
                            344 	.globl _FIFORESET
                            345 	.globl _PINFLAGSCD
                            346 	.globl _PINFLAGSAB
                            347 	.globl _IFCONFIG
                            348 	.globl _CPUCS
                            349 	.globl _RES_WAVEDATA_END
                            350 	.globl _GPIF_WAVE_DATA
                            351 	.globl _readep0
                            352 	.globl _writeep0
                            353 ;--------------------------------------------------------
                            354 ; special function registers
                            355 ;--------------------------------------------------------
                            356 	.area RSEG    (ABS,DATA)
   0000                     357 	.org 0x0000
                    0080    358 _IOA	=	0x0080
                    0081    359 _SP	=	0x0081
                    0082    360 _DPL	=	0x0082
                    0083    361 _DPH	=	0x0083
                    0084    362 _DPL1	=	0x0084
                    0085    363 _DPH1	=	0x0085
                    0086    364 _DPS	=	0x0086
                    0087    365 _PCON	=	0x0087
                    0088    366 _TCON	=	0x0088
                    0089    367 _TMOD	=	0x0089
                    008A    368 _TL0	=	0x008a
                    008B    369 _TL1	=	0x008b
                    008C    370 _TH0	=	0x008c
                    008D    371 _TH1	=	0x008d
                    008E    372 _CKCON	=	0x008e
                    0090    373 _IOB	=	0x0090
                    0091    374 _EXIF	=	0x0091
                    0092    375 __XPAGE	=	0x0092
                    0098    376 _SCON0	=	0x0098
                    0099    377 _SBUF0	=	0x0099
                    009A    378 _AUTOPTRH1	=	0x009a
                    009B    379 _AUTOPTRL1	=	0x009b
                    009D    380 _AUTOPTRH2	=	0x009d
                    009E    381 _AUTOPTRL2	=	0x009e
                    00A0    382 _IOC	=	0x00a0
                    00A1    383 _INT2CLR	=	0x00a1
                    00A2    384 _INT4CLR	=	0x00a2
                    00A8    385 _IE	=	0x00a8
                    00AA    386 _EP2468STAT	=	0x00aa
                    00AB    387 _EP24FIFOFLGS	=	0x00ab
                    00AC    388 _EP68FIFOFLGS	=	0x00ac
                    00AF    389 _AUTOPTRSETUP	=	0x00af
                    00B0    390 _IOD	=	0x00b0
                    00B1    391 _IOE	=	0x00b1
                    00B2    392 _OEA	=	0x00b2
                    00B3    393 _OEB	=	0x00b3
                    00B4    394 _OEC	=	0x00b4
                    00B5    395 _OED	=	0x00b5
                    00B6    396 _OEE	=	0x00b6
                    00B8    397 _IP	=	0x00b8
                    00BA    398 _EP01STAT	=	0x00ba
                    00BB    399 _GPIFTRIG	=	0x00bb
                    00BD    400 _GPIFSGLDATH	=	0x00bd
                    00BE    401 _GPIFSGLDATLX	=	0x00be
                    00BF    402 _GPIFSGLDATLNOX	=	0x00bf
                    00C0    403 _SCON1	=	0x00c0
                    00C1    404 _SBUF1	=	0x00c1
                    00C8    405 _T2CON	=	0x00c8
                    00CA    406 _RCAP2L	=	0x00ca
                    00CB    407 _RCAP2H	=	0x00cb
                    00CC    408 _TL2	=	0x00cc
                    00CD    409 _TH2	=	0x00cd
                    00D0    410 _PSW	=	0x00d0
                    00D8    411 _EICON	=	0x00d8
                    00E0    412 _ACC	=	0x00e0
                    00E8    413 _EIE	=	0x00e8
                    00F0    414 _B	=	0x00f0
                    00F8    415 _EIP	=	0x00f8
                            416 ;--------------------------------------------------------
                            417 ; special function bits
                            418 ;--------------------------------------------------------
                            419 	.area RSEG    (ABS,DATA)
   0000                     420 	.org 0x0000
                    0080    421 _PA0	=	0x0080
                    0081    422 _PA1	=	0x0081
                    0082    423 _PA2	=	0x0082
                    0083    424 _PA3	=	0x0083
                    0084    425 _PA4	=	0x0084
                    0085    426 _PA5	=	0x0085
                    0086    427 _PA6	=	0x0086
                    0087    428 _PA7	=	0x0087
                    0088    429 _IT0	=	0x0088
                    0089    430 _IE0	=	0x0089
                    008A    431 _IT1	=	0x008a
                    008B    432 _IE1	=	0x008b
                    008C    433 _TR0	=	0x008c
                    008D    434 _TF0	=	0x008d
                    008E    435 _TR1	=	0x008e
                    008F    436 _TF1	=	0x008f
                    0090    437 _PB0	=	0x0090
                    0091    438 _PB1	=	0x0091
                    0092    439 _PB2	=	0x0092
                    0093    440 _PB3	=	0x0093
                    0094    441 _PB4	=	0x0094
                    0095    442 _PB5	=	0x0095
                    0096    443 _PB6	=	0x0096
                    0097    444 _PB7	=	0x0097
                    0098    445 _RI	=	0x0098
                    0099    446 _TI	=	0x0099
                    009A    447 _RB8	=	0x009a
                    009B    448 _TB8	=	0x009b
                    009C    449 _REN	=	0x009c
                    009D    450 _SM2	=	0x009d
                    009E    451 _SM1	=	0x009e
                    009F    452 _SM0	=	0x009f
                    00A0    453 _PC0	=	0x00a0
                    00A1    454 _PC1	=	0x00a1
                    00A2    455 _PC2	=	0x00a2
                    00A3    456 _PC3	=	0x00a3
                    00A4    457 _PC4	=	0x00a4
                    00A5    458 _PC5	=	0x00a5
                    00A6    459 _PC6	=	0x00a6
                    00A7    460 _PC7	=	0x00a7
                    00A8    461 _EX0	=	0x00a8
                    00A9    462 _ET0	=	0x00a9
                    00AA    463 _EX1	=	0x00aa
                    00AB    464 _ET1	=	0x00ab
                    00AC    465 _ES0	=	0x00ac
                    00AD    466 _ET2	=	0x00ad
                    00AE    467 _ES1	=	0x00ae
                    00AF    468 _EA	=	0x00af
                    00B0    469 _PD0	=	0x00b0
                    00B1    470 _PD1	=	0x00b1
                    00B2    471 _PD2	=	0x00b2
                    00B3    472 _PD3	=	0x00b3
                    00B4    473 _PD4	=	0x00b4
                    00B5    474 _PD5	=	0x00b5
                    00B6    475 _PD6	=	0x00b6
                    00B7    476 _PD7	=	0x00b7
                    00B8    477 _PX0	=	0x00b8
                    00B9    478 _PT0	=	0x00b9
                    00BA    479 _PX1	=	0x00ba
                    00BB    480 _PT1	=	0x00bb
                    00BC    481 _PS0	=	0x00bc
                    00BD    482 _PT2	=	0x00bd
                    00BE    483 _PS1	=	0x00be
                    00C0    484 _RI1	=	0x00c0
                    00C1    485 _TI1	=	0x00c1
                    00C2    486 _RB81	=	0x00c2
                    00C3    487 _TB81	=	0x00c3
                    00C4    488 _REN1	=	0x00c4
                    00C5    489 _SM21	=	0x00c5
                    00C6    490 _SM11	=	0x00c6
                    00C7    491 _SM01	=	0x00c7
                    00C8    492 _CP_RL2	=	0x00c8
                    00C9    493 _C_T2	=	0x00c9
                    00CA    494 _TR2	=	0x00ca
                    00CB    495 _EXEN2	=	0x00cb
                    00CC    496 _TCLK	=	0x00cc
                    00CD    497 _RCLK	=	0x00cd
                    00CE    498 _EXF2	=	0x00ce
                    00CF    499 _TF2	=	0x00cf
                    00D0    500 _P	=	0x00d0
                    00D1    501 _FL	=	0x00d1
                    00D2    502 _OV	=	0x00d2
                    00D3    503 _RS0	=	0x00d3
                    00D4    504 _RS1	=	0x00d4
                    00D5    505 _F0	=	0x00d5
                    00D6    506 _AC	=	0x00d6
                    00D7    507 _CY	=	0x00d7
                    00DB    508 _INT6	=	0x00db
                    00DC    509 _RESI	=	0x00dc
                    00DD    510 _ERESI	=	0x00dd
                    00DF    511 _SMOD1	=	0x00df
                    00E8    512 _EUSB	=	0x00e8
                    00E9    513 _EI2C	=	0x00e9
                    00EA    514 _EIEX4	=	0x00ea
                    00EB    515 _EIEX5	=	0x00eb
                    00EC    516 _EIEX6	=	0x00ec
                    00F8    517 _PUSB	=	0x00f8
                    00F9    518 _PI2C	=	0x00f9
                    00FA    519 _EIPX4	=	0x00fa
                    00FB    520 _EIPX5	=	0x00fb
                    00FC    521 _EIPX6	=	0x00fc
                            522 ;--------------------------------------------------------
                            523 ; overlayable register banks
                            524 ;--------------------------------------------------------
                            525 	.area REG_BANK_0	(REL,OVR,DATA)
   0000                     526 	.ds 8
                            527 ;--------------------------------------------------------
                            528 ; internal ram data
                            529 ;--------------------------------------------------------
                            530 	.area DSEG    (DATA)
                            531 ;--------------------------------------------------------
                            532 ; overlayable items in internal ram 
                            533 ;--------------------------------------------------------
                            534 	.area	OSEG    (OVR,DATA)
   0000                     535 _readep0_PARM_2::
   0000                     536 	.ds 2
   0002                     537 _readep0_dst_1_1::
   0002                     538 	.ds 3
                            539 	.area	OSEG    (OVR,DATA)
   0000                     540 _writeep0_PARM_2::
   0000                     541 	.ds 2
   0002                     542 _writeep0_src_1_1::
   0002                     543 	.ds 3
   0005                     544 _writeep0_c_1_1::
   0005                     545 	.ds 1
   0006                     546 _writeep0_sloc0_1_0::
   0006                     547 	.ds 2
                            548 ;--------------------------------------------------------
                            549 ; indirectly addressable internal ram data
                            550 ;--------------------------------------------------------
                            551 	.area ISEG    (DATA)
                            552 ;--------------------------------------------------------
                            553 ; absolute internal ram data
                            554 ;--------------------------------------------------------
                            555 	.area IABS    (ABS,DATA)
                            556 	.area IABS    (ABS,DATA)
                            557 ;--------------------------------------------------------
                            558 ; bit data
                            559 ;--------------------------------------------------------
                            560 	.area BSEG    (BIT)
                            561 ;--------------------------------------------------------
                            562 ; paged external ram data
                            563 ;--------------------------------------------------------
                            564 	.area PSEG    (PAG,XDATA)
                            565 ;--------------------------------------------------------
                            566 ; external ram data
                            567 ;--------------------------------------------------------
                            568 	.area XSEG    (XDATA)
                    E400    569 _GPIF_WAVE_DATA	=	0xe400
                    E480    570 _RES_WAVEDATA_END	=	0xe480
                    E600    571 _CPUCS	=	0xe600
                    E601    572 _IFCONFIG	=	0xe601
                    E602    573 _PINFLAGSAB	=	0xe602
                    E603    574 _PINFLAGSCD	=	0xe603
                    E604    575 _FIFORESET	=	0xe604
                    E605    576 _BREAKPT	=	0xe605
                    E606    577 _BPADDRH	=	0xe606
                    E607    578 _BPADDRL	=	0xe607
                    E608    579 _UART230	=	0xe608
                    E609    580 _FIFOPINPOLAR	=	0xe609
                    E60A    581 _REVID	=	0xe60a
                    E60B    582 _REVCTL	=	0xe60b
                    E610    583 _EP1OUTCFG	=	0xe610
                    E611    584 _EP1INCFG	=	0xe611
                    E612    585 _EP2CFG	=	0xe612
                    E613    586 _EP4CFG	=	0xe613
                    E614    587 _EP6CFG	=	0xe614
                    E615    588 _EP8CFG	=	0xe615
                    E618    589 _EP2FIFOCFG	=	0xe618
                    E619    590 _EP4FIFOCFG	=	0xe619
                    E61A    591 _EP6FIFOCFG	=	0xe61a
                    E61B    592 _EP8FIFOCFG	=	0xe61b
                    E620    593 _EP2AUTOINLENH	=	0xe620
                    E621    594 _EP2AUTOINLENL	=	0xe621
                    E622    595 _EP4AUTOINLENH	=	0xe622
                    E623    596 _EP4AUTOINLENL	=	0xe623
                    E624    597 _EP6AUTOINLENH	=	0xe624
                    E625    598 _EP6AUTOINLENL	=	0xe625
                    E626    599 _EP8AUTOINLENH	=	0xe626
                    E627    600 _EP8AUTOINLENL	=	0xe627
                    E630    601 _EP2FIFOPFH	=	0xe630
                    E631    602 _EP2FIFOPFL	=	0xe631
                    E632    603 _EP4FIFOPFH	=	0xe632
                    E633    604 _EP4FIFOPFL	=	0xe633
                    E634    605 _EP6FIFOPFH	=	0xe634
                    E635    606 _EP6FIFOPFL	=	0xe635
                    E636    607 _EP8FIFOPFH	=	0xe636
                    E637    608 _EP8FIFOPFL	=	0xe637
                    E640    609 _EP2ISOINPKTS	=	0xe640
                    E641    610 _EP4ISOINPKTS	=	0xe641
                    E642    611 _EP6ISOINPKTS	=	0xe642
                    E643    612 _EP8ISOINPKTS	=	0xe643
                    E648    613 _INPKTEND	=	0xe648
                    E649    614 _OUTPKTEND	=	0xe649
                    E650    615 _EP2FIFOIE	=	0xe650
                    E651    616 _EP2FIFOIRQ	=	0xe651
                    E652    617 _EP4FIFOIE	=	0xe652
                    E653    618 _EP4FIFOIRQ	=	0xe653
                    E654    619 _EP6FIFOIE	=	0xe654
                    E655    620 _EP6FIFOIRQ	=	0xe655
                    E656    621 _EP8FIFOIE	=	0xe656
                    E657    622 _EP8FIFOIRQ	=	0xe657
                    E658    623 _IBNIE	=	0xe658
                    E659    624 _IBNIRQ	=	0xe659
                    E65A    625 _NAKIE	=	0xe65a
                    E65B    626 _NAKIRQ	=	0xe65b
                    E65C    627 _USBIE	=	0xe65c
                    E65D    628 _USBIRQ	=	0xe65d
                    E65E    629 _EPIE	=	0xe65e
                    E65F    630 _EPIRQ	=	0xe65f
                    E660    631 _GPIFIE	=	0xe660
                    E661    632 _GPIFIRQ	=	0xe661
                    E662    633 _USBERRIE	=	0xe662
                    E663    634 _USBERRIRQ	=	0xe663
                    E664    635 _ERRCNTLIM	=	0xe664
                    E665    636 _CLRERRCNT	=	0xe665
                    E666    637 _INT2IVEC	=	0xe666
                    E667    638 _INT4IVEC	=	0xe667
                    E668    639 _INTSETUP	=	0xe668
                    E670    640 _PORTACFG	=	0xe670
                    E671    641 _PORTCCFG	=	0xe671
                    E672    642 _PORTECFG	=	0xe672
                    E678    643 _I2CS	=	0xe678
                    E679    644 _I2DAT	=	0xe679
                    E67A    645 _I2CTL	=	0xe67a
                    E67B    646 _XAUTODAT1	=	0xe67b
                    E67C    647 _XAUTODAT2	=	0xe67c
                    E680    648 _USBCS	=	0xe680
                    E681    649 _SUSPEND	=	0xe681
                    E682    650 _WAKEUPCS	=	0xe682
                    E683    651 _TOGCTL	=	0xe683
                    E684    652 _USBFRAMEH	=	0xe684
                    E685    653 _USBFRAMEL	=	0xe685
                    E686    654 _MICROFRAME	=	0xe686
                    E687    655 _FNADDR	=	0xe687
                    E68A    656 _EP0BCH	=	0xe68a
                    E68B    657 _EP0BCL	=	0xe68b
                    E68D    658 _EP1OUTBC	=	0xe68d
                    E68F    659 _EP1INBC	=	0xe68f
                    E690    660 _EP2BCH	=	0xe690
                    E691    661 _EP2BCL	=	0xe691
                    E694    662 _EP4BCH	=	0xe694
                    E695    663 _EP4BCL	=	0xe695
                    E698    664 _EP6BCH	=	0xe698
                    E699    665 _EP6BCL	=	0xe699
                    E69C    666 _EP8BCH	=	0xe69c
                    E69D    667 _EP8BCL	=	0xe69d
                    E6A0    668 _EP0CS	=	0xe6a0
                    E6A1    669 _EP1OUTCS	=	0xe6a1
                    E6A2    670 _EP1INCS	=	0xe6a2
                    E6A3    671 _EP2CS	=	0xe6a3
                    E6A4    672 _EP4CS	=	0xe6a4
                    E6A5    673 _EP6CS	=	0xe6a5
                    E6A6    674 _EP8CS	=	0xe6a6
                    E6A7    675 _EP2FIFOFLGS	=	0xe6a7
                    E6A8    676 _EP4FIFOFLGS	=	0xe6a8
                    E6A9    677 _EP6FIFOFLGS	=	0xe6a9
                    E6AA    678 _EP8FIFOFLGS	=	0xe6aa
                    E6AB    679 _EP2FIFOBCH	=	0xe6ab
                    E6AC    680 _EP2FIFOBCL	=	0xe6ac
                    E6AD    681 _EP4FIFOBCH	=	0xe6ad
                    E6AE    682 _EP4FIFOBCL	=	0xe6ae
                    E6AF    683 _EP6FIFOBCH	=	0xe6af
                    E6B0    684 _EP6FIFOBCL	=	0xe6b0
                    E6B1    685 _EP8FIFOBCH	=	0xe6b1
                    E6B2    686 _EP8FIFOBCL	=	0xe6b2
                    E6B3    687 _SUDPTRH	=	0xe6b3
                    E6B4    688 _SUDPTRL	=	0xe6b4
                    E6B5    689 _SUDPTRCTL	=	0xe6b5
                    E6B8    690 _SETUPDAT	=	0xe6b8
                    E6C0    691 _GPIFWFSELECT	=	0xe6c0
                    E6C1    692 _GPIFIDLECS	=	0xe6c1
                    E6C2    693 _GPIFIDLECTL	=	0xe6c2
                    E6C3    694 _GPIFCTLCFG	=	0xe6c3
                    E6C4    695 _GPIFADRH	=	0xe6c4
                    E6C5    696 _GPIFADRL	=	0xe6c5
                    E6CE    697 _GPIFTCB3	=	0xe6ce
                    E6CF    698 _GPIFTCB2	=	0xe6cf
                    E6D0    699 _GPIFTCB1	=	0xe6d0
                    E6D1    700 _GPIFTCB0	=	0xe6d1
                    E6D2    701 _EP2GPIFFLGSEL	=	0xe6d2
                    E6D3    702 _EP2GPIFPFSTOP	=	0xe6d3
                    E6D4    703 _EP2GPIFTRIG	=	0xe6d4
                    E6DA    704 _EP4GPIFFLGSEL	=	0xe6da
                    E6DB    705 _EP4GPIFPFSTOP	=	0xe6db
                    E6DC    706 _EP4GPIFTRIG	=	0xe6dc
                    E6E2    707 _EP6GPIFFLGSEL	=	0xe6e2
                    E6E3    708 _EP6GPIFPFSTOP	=	0xe6e3
                    E6E4    709 _EP6GPIFTRIG	=	0xe6e4
                    E6EA    710 _EP8GPIFFLGSEL	=	0xe6ea
                    E6EB    711 _EP8GPIFPFSTOP	=	0xe6eb
                    E6EC    712 _EP8GPIFTRIG	=	0xe6ec
                    E6F0    713 _XGPIFSGLDATH	=	0xe6f0
                    E6F1    714 _XGPIFSGLDATLX	=	0xe6f1
                    E6F2    715 _XGPIFSGLDATLNOX	=	0xe6f2
                    E6F3    716 _GPIFREADYCFG	=	0xe6f3
                    E6F4    717 _GPIFREADYSTAT	=	0xe6f4
                    E6F5    718 _GPIFABORT	=	0xe6f5
                    E6C6    719 _FLOWSTATE	=	0xe6c6
                    E6C7    720 _FLOWLOGIC	=	0xe6c7
                    E6C8    721 _FLOWEQ0CTL	=	0xe6c8
                    E6C9    722 _FLOWEQ1CTL	=	0xe6c9
                    E6CA    723 _FLOWHOLDOFF	=	0xe6ca
                    E6CB    724 _FLOWSTB	=	0xe6cb
                    E6CC    725 _FLOWSTBEDGE	=	0xe6cc
                    E6CD    726 _FLOWSTBHPERIOD	=	0xe6cd
                    E60C    727 _GPIFHOLDAMOUNT	=	0xe60c
                    E67D    728 _UDMACRCH	=	0xe67d
                    E67E    729 _UDMACRCL	=	0xe67e
                    E67F    730 _UDMACRCQUAL	=	0xe67f
                    E740    731 _EP0BUF	=	0xe740
                    E780    732 _EP1OUTBUF	=	0xe780
                    E7C0    733 _EP1INBUF	=	0xe7c0
                    F000    734 _EP2FIFOBUF	=	0xf000
                    F400    735 _EP4FIFOBUF	=	0xf400
                    F800    736 _EP6FIFOBUF	=	0xf800
                    FC00    737 _EP8FIFOBUF	=	0xfc00
                    E628    738 _ECCCFG	=	0xe628
                    E629    739 _ECCRESET	=	0xe629
                    E62A    740 _ECC1B0	=	0xe62a
                    E62B    741 _ECC1B1	=	0xe62b
                    E62C    742 _ECC1B2	=	0xe62c
                    E62D    743 _ECC2B0	=	0xe62d
                    E62E    744 _ECC2B1	=	0xe62e
                    E62F    745 _ECC2B2	=	0xe62f
                    E50D    746 _GPCR2	=	0xe50d
                            747 ;--------------------------------------------------------
                            748 ; absolute external ram data
                            749 ;--------------------------------------------------------
                            750 	.area XABS    (ABS,XDATA)
                            751 ;--------------------------------------------------------
                            752 ; external initialized ram data
                            753 ;--------------------------------------------------------
                            754 	.area XISEG   (XDATA)
                            755 	.area HOME    (CODE)
                            756 	.area GSINIT0 (CODE)
                            757 	.area GSINIT1 (CODE)
                            758 	.area GSINIT2 (CODE)
                            759 	.area GSINIT3 (CODE)
                            760 	.area GSINIT4 (CODE)
                            761 	.area GSINIT5 (CODE)
                            762 	.area GSINIT  (CODE)
                            763 	.area GSFINAL (CODE)
                            764 	.area CSEG    (CODE)
                            765 ;--------------------------------------------------------
                            766 ; global & static initialisations
                            767 ;--------------------------------------------------------
                            768 	.area HOME    (CODE)
                            769 	.area GSINIT  (CODE)
                            770 	.area GSFINAL (CODE)
                            771 	.area GSINIT  (CODE)
                            772 ;--------------------------------------------------------
                            773 ; Home
                            774 ;--------------------------------------------------------
                            775 	.area HOME    (CODE)
                            776 	.area HOME    (CODE)
                            777 ;--------------------------------------------------------
                            778 ; code
                            779 ;--------------------------------------------------------
                            780 	.area CSEG    (CODE)
                            781 ;------------------------------------------------------------
                            782 ;Allocation info for local variables in function 'readep0'
                            783 ;------------------------------------------------------------
                            784 ;len                       Allocated with name '_readep0_PARM_2'
                            785 ;dst                       Allocated with name '_readep0_dst_1_1'
                            786 ;read                      Allocated to registers r5 r6 
                            787 ;c                         Allocated to registers r0 
                            788 ;avail                     Allocated to registers r7 
                            789 ;------------------------------------------------------------
                            790 ;	eputils.c:32: void readep0( BYTE* dst, WORD len) {
                            791 ;	-----------------------------------------
                            792 ;	 function readep0
                            793 ;	-----------------------------------------
   0000                     794 _readep0:
                    0002    795 	ar2 = 0x02
                    0003    796 	ar3 = 0x03
                    0004    797 	ar4 = 0x04
                    0005    798 	ar5 = 0x05
                    0006    799 	ar6 = 0x06
                    0007    800 	ar7 = 0x07
                    0000    801 	ar0 = 0x00
                    0001    802 	ar1 = 0x01
   0000 85 82*02            803 	mov	_readep0_dst_1_1,dpl
   0003 85 83*03            804 	mov	(_readep0_dst_1_1 + 1),dph
   0006 85 F0*04            805 	mov	(_readep0_dst_1_1 + 2),b
                            806 ;	eputils.c:33: WORD read = 0; // n bytes read
   0009 7D 00               807 	mov	r5,#0x00
   000B 7E 00               808 	mov	r6,#0x00
                            809 ;	eputils.c:35: while (read < len) {
   000D                     810 00104$:
   000D C3                  811 	clr	c
   000E ED                  812 	mov	a,r5
   000F 95*00               813 	subb	a,_readep0_PARM_2
   0011 EE                  814 	mov	a,r6
   0012 95*01               815 	subb	a,(_readep0_PARM_2 + 1)
   0014 50 54               816 	jnc	00111$
                            817 ;	eputils.c:36: EP0BCH = 0;
   0016 90 E6 8A            818 	mov	dptr,#_EP0BCH
                            819 ;	eputils.c:38: EP0BCL = 0; // re-arm ep so host can send more
   0019 E4                  820 	clr	a
   001A F0                  821 	movx	@dptr,a
   001B 90 E6 8B            822 	mov	dptr,#_EP0BCL
   001E F0                  823 	movx	@dptr,a
                            824 ;	eputils.c:39: while (EP0CS & bmEPBUSY);
   001F                     825 00101$:
   001F 90 E6 A0            826 	mov	dptr,#_EP0CS
   0022 E0                  827 	movx	a,@dptr
   0023 FF                  828 	mov	r7,a
   0024 20 E1 F8            829 	jb	acc.1,00101$
                            830 ;	eputils.c:40: avail = EP0BCL; // max size fits in one byte (64 bytes)
   0027 90 E6 8B            831 	mov	dptr,#_EP0BCL
   002A E0                  832 	movx	a,@dptr
   002B FF                  833 	mov	r7,a
                            834 ;	eputils.c:41: for (c=0;c<avail;++c)
   002C 78 00               835 	mov	r0,#0x00
   002E                     836 00107$:
   002E E8                  837 	mov	a,r0
   002F B5 07 00            838 	cjne	a,ar7,00122$
   0032                     839 00122$:
   0032 50 2C               840 	jnc	00110$
                            841 ;	eputils.c:42: dst[read+c] = EP0BUF[c];
   0034 88 01               842 	mov	ar1,r0
   0036 7A 00               843 	mov	r2,#0x00
   0038 E9                  844 	mov	a,r1
   0039 2D                  845 	add	a,r5
   003A F9                  846 	mov	r1,a
   003B EA                  847 	mov	a,r2
   003C 3E                  848 	addc	a,r6
   003D FA                  849 	mov	r2,a
   003E E9                  850 	mov	a,r1
   003F 25*02               851 	add	a,_readep0_dst_1_1
   0041 F9                  852 	mov	r1,a
   0042 EA                  853 	mov	a,r2
   0043 35*03               854 	addc	a,(_readep0_dst_1_1 + 1)
   0045 FA                  855 	mov	r2,a
   0046 AB*04               856 	mov	r3,(_readep0_dst_1_1 + 2)
   0048 E8                  857 	mov	a,r0
   0049 24 40               858 	add	a,#_EP0BUF
   004B F5 82               859 	mov	dpl,a
   004D E4                  860 	clr	a
   004E 34 E7               861 	addc	a,#(_EP0BUF >> 8)
   0050 F5 83               862 	mov	dph,a
   0052 E0                  863 	movx	a,@dptr
   0053 FC                  864 	mov	r4,a
   0054 89 82               865 	mov	dpl,r1
   0056 8A 83               866 	mov	dph,r2
   0058 8B F0               867 	mov	b,r3
   005A 12s00r00            868 	lcall	__gptrput
                            869 ;	eputils.c:41: for (c=0;c<avail;++c)
   005D 08                  870 	inc	r0
   005E 80 CE               871 	sjmp	00107$
   0060                     872 00110$:
                            873 ;	eputils.c:43: read += avail;
   0060 7A 00               874 	mov	r2,#0x00
   0062 EF                  875 	mov	a,r7
   0063 2D                  876 	add	a,r5
   0064 FD                  877 	mov	r5,a
   0065 EA                  878 	mov	a,r2
   0066 3E                  879 	addc	a,r6
   0067 FE                  880 	mov	r6,a
   0068 80 A3               881 	sjmp	00104$
   006A                     882 00111$:
   006A 22                  883 	ret
                            884 ;------------------------------------------------------------
                            885 ;Allocation info for local variables in function 'writeep0'
                            886 ;------------------------------------------------------------
                            887 ;len                       Allocated with name '_writeep0_PARM_2'
                            888 ;src                       Allocated with name '_writeep0_src_1_1'
                            889 ;written                   Allocated to registers r5 r6 
                            890 ;c                         Allocated with name '_writeep0_c_1_1'
                            891 ;sloc0                     Allocated with name '_writeep0_sloc0_1_0'
                            892 ;------------------------------------------------------------
                            893 ;	eputils.c:48: void writeep0( BYTE* src, WORD len) {
                            894 ;	-----------------------------------------
                            895 ;	 function writeep0
                            896 ;	-----------------------------------------
   006B                     897 _writeep0:
   006B 85 82*02            898 	mov	_writeep0_src_1_1,dpl
   006E 85 83*03            899 	mov	(_writeep0_src_1_1 + 1),dph
   0071 85 F0*04            900 	mov	(_writeep0_src_1_1 + 2),b
                            901 ;	eputils.c:49: WORD written = 0;
   0074 7D 00               902 	mov	r5,#0x00
   0076 7E 00               903 	mov	r6,#0x00
                            904 ;	eputils.c:51: while ( written < len ) {
   0078                     905 00104$:
   0078 C3                  906 	clr	c
   0079 ED                  907 	mov	a,r5
   007A 95*00               908 	subb	a,_writeep0_PARM_2
   007C EE                  909 	mov	a,r6
   007D 95*01               910 	subb	a,(_writeep0_PARM_2 + 1)
   007F 50 65               911 	jnc	00112$
                            912 ;	eputils.c:52: while ( EP0CS & bmEPBUSY ); // wait
   0081                     913 00101$:
   0081 90 E6 A0            914 	mov	dptr,#_EP0CS
   0084 E0                  915 	movx	a,@dptr
   0085 FF                  916 	mov	r7,a
   0086 20 E1 F8            917 	jb	acc.1,00101$
                            918 ;	eputils.c:53: for (c=0;c<64 && written<len;++c ) {
   0089 8D 07               919 	mov	ar7,r5
   008B 8E 00               920 	mov	ar0,r6
   008D 75*05 00            921 	mov	_writeep0_c_1_1,#0x00
   0090                     922 00108$:
   0090 74 C0               923 	mov	a,#0x100 - 0x40
   0092 25*05               924 	add	a,_writeep0_c_1_1
   0094 40 3F               925 	jc	00120$
   0096 EF                  926 	mov	a,r7
   0097 95*00               927 	subb	a,_writeep0_PARM_2
   0099 E8                  928 	mov	a,r0
   009A 95*01               929 	subb	a,(_writeep0_PARM_2 + 1)
   009C 50 37               930 	jnc	00120$
                            931 ;	eputils.c:54: EP0BUF[c] = src[written++];
   009E E5*05               932 	mov	a,_writeep0_c_1_1
   00A0 24 40               933 	add	a,#_EP0BUF
   00A2 F5*06               934 	mov	_writeep0_sloc0_1_0,a
   00A4 E4                  935 	clr	a
   00A5 34 E7               936 	addc	a,#(_EP0BUF >> 8)
   00A7 F5*07               937 	mov	(_writeep0_sloc0_1_0 + 1),a
   00A9 8F 04               938 	mov	ar4,r7
   00AB 88 01               939 	mov	ar1,r0
   00AD 0F                  940 	inc	r7
   00AE BF 00 01            941 	cjne	r7,#0x00,00125$
   00B1 08                  942 	inc	r0
   00B2                     943 00125$:
   00B2 8F 05               944 	mov	ar5,r7
   00B4 88 06               945 	mov	ar6,r0
   00B6 EC                  946 	mov	a,r4
   00B7 25*02               947 	add	a,_writeep0_src_1_1
   00B9 FC                  948 	mov	r4,a
   00BA E9                  949 	mov	a,r1
   00BB 35*03               950 	addc	a,(_writeep0_src_1_1 + 1)
   00BD F9                  951 	mov	r1,a
   00BE AA*04               952 	mov	r2,(_writeep0_src_1_1 + 2)
   00C0 8C 82               953 	mov	dpl,r4
   00C2 89 83               954 	mov	dph,r1
   00C4 8A F0               955 	mov	b,r2
   00C6 12s00r00            956 	lcall	__gptrget
   00C9 FC                  957 	mov	r4,a
   00CA 85*06 82            958 	mov	dpl,_writeep0_sloc0_1_0
   00CD 85*07 83            959 	mov	dph,(_writeep0_sloc0_1_0 + 1)
   00D0 F0                  960 	movx	@dptr,a
                            961 ;	eputils.c:53: for (c=0;c<64 && written<len;++c ) {
   00D1 05*05               962 	inc	_writeep0_c_1_1
   00D3 80 BB               963 	sjmp	00108$
   00D5                     964 00120$:
   00D5 8F 05               965 	mov	ar5,r7
   00D7 88 06               966 	mov	ar6,r0
                            967 ;	eputils.c:56: EP0BCH = 0;
   00D9 90 E6 8A            968 	mov	dptr,#_EP0BCH
   00DC E4                  969 	clr	a
   00DD F0                  970 	movx	@dptr,a
                            971 ;	eputils.c:57: EP0BCL= c;
   00DE 90 E6 8B            972 	mov	dptr,#_EP0BCL
   00E1 E5*05               973 	mov	a,_writeep0_c_1_1
   00E3 F0                  974 	movx	@dptr,a
   00E4 80 92               975 	sjmp	00104$
   00E6                     976 00112$:
   00E6 22                  977 	ret
                            978 	.area CSEG    (CODE)
                            979 	.area CONST   (CODE)
                            980 	.area XINIT   (CODE)
                            981 	.area CABS    (ABS,CODE)
