                              1 ;--------------------------------------------------------
                              2 ; File Created by SDCC : free open source ANSI-C Compiler
                              3 ; Version 3.0.0 #6037 (Feb 22 2011) (Linux)
                              4 ; This file was generated Wed Jul 27 01:39:23 2011
                              5 ;--------------------------------------------------------
                              6 	.module ep6ff_isr
                              7 	.optsdcc -mmcs51 --model-small
                              8 	
                              9 ;--------------------------------------------------------
                             10 ; Public variables in this module
                             11 ;--------------------------------------------------------
                             12 	.globl _EIPX6
                             13 	.globl _EIPX5
                             14 	.globl _EIPX4
                             15 	.globl _PI2C
                             16 	.globl _PUSB
                             17 	.globl _EIEX6
                             18 	.globl _EIEX5
                             19 	.globl _EIEX4
                             20 	.globl _EI2C
                             21 	.globl _EUSB
                             22 	.globl _SMOD1
                             23 	.globl _ERESI
                             24 	.globl _RESI
                             25 	.globl _INT6
                             26 	.globl _CY
                             27 	.globl _AC
                             28 	.globl _F0
                             29 	.globl _RS1
                             30 	.globl _RS0
                             31 	.globl _OV
                             32 	.globl _FL
                             33 	.globl _P
                             34 	.globl _TF2
                             35 	.globl _EXF2
                             36 	.globl _RCLK
                             37 	.globl _TCLK
                             38 	.globl _EXEN2
                             39 	.globl _TR2
                             40 	.globl _C_T2
                             41 	.globl _CP_RL2
                             42 	.globl _SM01
                             43 	.globl _SM11
                             44 	.globl _SM21
                             45 	.globl _REN1
                             46 	.globl _TB81
                             47 	.globl _RB81
                             48 	.globl _TI1
                             49 	.globl _RI1
                             50 	.globl _PS1
                             51 	.globl _PT2
                             52 	.globl _PS0
                             53 	.globl _PT1
                             54 	.globl _PX1
                             55 	.globl _PT0
                             56 	.globl _PX0
                             57 	.globl _PD7
                             58 	.globl _PD6
                             59 	.globl _PD5
                             60 	.globl _PD4
                             61 	.globl _PD3
                             62 	.globl _PD2
                             63 	.globl _PD1
                             64 	.globl _PD0
                             65 	.globl _EA
                             66 	.globl _ES1
                             67 	.globl _ET2
                             68 	.globl _ES0
                             69 	.globl _ET1
                             70 	.globl _EX1
                             71 	.globl _ET0
                             72 	.globl _EX0
                             73 	.globl _PC7
                             74 	.globl _PC6
                             75 	.globl _PC5
                             76 	.globl _PC4
                             77 	.globl _PC3
                             78 	.globl _PC2
                             79 	.globl _PC1
                             80 	.globl _PC0
                             81 	.globl _SM0
                             82 	.globl _SM1
                             83 	.globl _SM2
                             84 	.globl _REN
                             85 	.globl _TB8
                             86 	.globl _RB8
                             87 	.globl _TI
                             88 	.globl _RI
                             89 	.globl _PB7
                             90 	.globl _PB6
                             91 	.globl _PB5
                             92 	.globl _PB4
                             93 	.globl _PB3
                             94 	.globl _PB2
                             95 	.globl _PB1
                             96 	.globl _PB0
                             97 	.globl _TF1
                             98 	.globl _TR1
                             99 	.globl _TF0
                            100 	.globl _TR0
                            101 	.globl _IE1
                            102 	.globl _IT1
                            103 	.globl _IE0
                            104 	.globl _IT0
                            105 	.globl _PA7
                            106 	.globl _PA6
                            107 	.globl _PA5
                            108 	.globl _PA4
                            109 	.globl _PA3
                            110 	.globl _PA2
                            111 	.globl _PA1
                            112 	.globl _PA0
                            113 	.globl _EIP
                            114 	.globl _B
                            115 	.globl _EIE
                            116 	.globl _ACC
                            117 	.globl _EICON
                            118 	.globl _PSW
                            119 	.globl _TH2
                            120 	.globl _TL2
                            121 	.globl _RCAP2H
                            122 	.globl _RCAP2L
                            123 	.globl _T2CON
                            124 	.globl _SBUF1
                            125 	.globl _SCON1
                            126 	.globl _GPIFSGLDATLNOX
                            127 	.globl _GPIFSGLDATLX
                            128 	.globl _GPIFSGLDATH
                            129 	.globl _GPIFTRIG
                            130 	.globl _EP01STAT
                            131 	.globl _IP
                            132 	.globl _OEE
                            133 	.globl _OED
                            134 	.globl _OEC
                            135 	.globl _OEB
                            136 	.globl _OEA
                            137 	.globl _IOE
                            138 	.globl _IOD
                            139 	.globl _AUTOPTRSETUP
                            140 	.globl _EP68FIFOFLGS
                            141 	.globl _EP24FIFOFLGS
                            142 	.globl _EP2468STAT
                            143 	.globl _IE
                            144 	.globl _INT4CLR
                            145 	.globl _INT2CLR
                            146 	.globl _IOC
                            147 	.globl _AUTOPTRL2
                            148 	.globl _AUTOPTRH2
                            149 	.globl _AUTOPTRL1
                            150 	.globl _AUTOPTRH1
                            151 	.globl _SBUF0
                            152 	.globl _SCON0
                            153 	.globl __XPAGE
                            154 	.globl _EXIF
                            155 	.globl _IOB
                            156 	.globl _CKCON
                            157 	.globl _TH1
                            158 	.globl _TH0
                            159 	.globl _TL1
                            160 	.globl _TL0
                            161 	.globl _TMOD
                            162 	.globl _TCON
                            163 	.globl _PCON
                            164 	.globl _DPS
                            165 	.globl _DPH1
                            166 	.globl _DPL1
                            167 	.globl _DPH
                            168 	.globl _DPL
                            169 	.globl _SP
                            170 	.globl _IOA
                            171 	.globl _GPCR2
                            172 	.globl _ECC2B2
                            173 	.globl _ECC2B1
                            174 	.globl _ECC2B0
                            175 	.globl _ECC1B2
                            176 	.globl _ECC1B1
                            177 	.globl _ECC1B0
                            178 	.globl _ECCRESET
                            179 	.globl _ECCCFG
                            180 	.globl _EP8FIFOBUF
                            181 	.globl _EP6FIFOBUF
                            182 	.globl _EP4FIFOBUF
                            183 	.globl _EP2FIFOBUF
                            184 	.globl _EP1INBUF
                            185 	.globl _EP1OUTBUF
                            186 	.globl _EP0BUF
                            187 	.globl _UDMACRCQUAL
                            188 	.globl _UDMACRCL
                            189 	.globl _UDMACRCH
                            190 	.globl _GPIFHOLDAMOUNT
                            191 	.globl _FLOWSTBHPERIOD
                            192 	.globl _FLOWSTBEDGE
                            193 	.globl _FLOWSTB
                            194 	.globl _FLOWHOLDOFF
                            195 	.globl _FLOWEQ1CTL
                            196 	.globl _FLOWEQ0CTL
                            197 	.globl _FLOWLOGIC
                            198 	.globl _FLOWSTATE
                            199 	.globl _GPIFABORT
                            200 	.globl _GPIFREADYSTAT
                            201 	.globl _GPIFREADYCFG
                            202 	.globl _XGPIFSGLDATLNOX
                            203 	.globl _XGPIFSGLDATLX
                            204 	.globl _XGPIFSGLDATH
                            205 	.globl _EP8GPIFTRIG
                            206 	.globl _EP8GPIFPFSTOP
                            207 	.globl _EP8GPIFFLGSEL
                            208 	.globl _EP6GPIFTRIG
                            209 	.globl _EP6GPIFPFSTOP
                            210 	.globl _EP6GPIFFLGSEL
                            211 	.globl _EP4GPIFTRIG
                            212 	.globl _EP4GPIFPFSTOP
                            213 	.globl _EP4GPIFFLGSEL
                            214 	.globl _EP2GPIFTRIG
                            215 	.globl _EP2GPIFPFSTOP
                            216 	.globl _EP2GPIFFLGSEL
                            217 	.globl _GPIFTCB0
                            218 	.globl _GPIFTCB1
                            219 	.globl _GPIFTCB2
                            220 	.globl _GPIFTCB3
                            221 	.globl _GPIFADRL
                            222 	.globl _GPIFADRH
                            223 	.globl _GPIFCTLCFG
                            224 	.globl _GPIFIDLECTL
                            225 	.globl _GPIFIDLECS
                            226 	.globl _GPIFWFSELECT
                            227 	.globl _SETUPDAT
                            228 	.globl _SUDPTRCTL
                            229 	.globl _SUDPTRL
                            230 	.globl _SUDPTRH
                            231 	.globl _EP8FIFOBCL
                            232 	.globl _EP8FIFOBCH
                            233 	.globl _EP6FIFOBCL
                            234 	.globl _EP6FIFOBCH
                            235 	.globl _EP4FIFOBCL
                            236 	.globl _EP4FIFOBCH
                            237 	.globl _EP2FIFOBCL
                            238 	.globl _EP2FIFOBCH
                            239 	.globl _EP8FIFOFLGS
                            240 	.globl _EP6FIFOFLGS
                            241 	.globl _EP4FIFOFLGS
                            242 	.globl _EP2FIFOFLGS
                            243 	.globl _EP8CS
                            244 	.globl _EP6CS
                            245 	.globl _EP4CS
                            246 	.globl _EP2CS
                            247 	.globl _EP1INCS
                            248 	.globl _EP1OUTCS
                            249 	.globl _EP0CS
                            250 	.globl _EP8BCL
                            251 	.globl _EP8BCH
                            252 	.globl _EP6BCL
                            253 	.globl _EP6BCH
                            254 	.globl _EP4BCL
                            255 	.globl _EP4BCH
                            256 	.globl _EP2BCL
                            257 	.globl _EP2BCH
                            258 	.globl _EP1INBC
                            259 	.globl _EP1OUTBC
                            260 	.globl _EP0BCL
                            261 	.globl _EP0BCH
                            262 	.globl _FNADDR
                            263 	.globl _MICROFRAME
                            264 	.globl _USBFRAMEL
                            265 	.globl _USBFRAMEH
                            266 	.globl _TOGCTL
                            267 	.globl _WAKEUPCS
                            268 	.globl _SUSPEND
                            269 	.globl _USBCS
                            270 	.globl _XAUTODAT2
                            271 	.globl _XAUTODAT1
                            272 	.globl _I2CTL
                            273 	.globl _I2DAT
                            274 	.globl _I2CS
                            275 	.globl _PORTECFG
                            276 	.globl _PORTCCFG
                            277 	.globl _PORTACFG
                            278 	.globl _INTSETUP
                            279 	.globl _INT4IVEC
                            280 	.globl _INT2IVEC
                            281 	.globl _CLRERRCNT
                            282 	.globl _ERRCNTLIM
                            283 	.globl _USBERRIRQ
                            284 	.globl _USBERRIE
                            285 	.globl _GPIFIRQ
                            286 	.globl _GPIFIE
                            287 	.globl _EPIRQ
                            288 	.globl _EPIE
                            289 	.globl _USBIRQ
                            290 	.globl _USBIE
                            291 	.globl _NAKIRQ
                            292 	.globl _NAKIE
                            293 	.globl _IBNIRQ
                            294 	.globl _IBNIE
                            295 	.globl _EP8FIFOIRQ
                            296 	.globl _EP8FIFOIE
                            297 	.globl _EP6FIFOIRQ
                            298 	.globl _EP6FIFOIE
                            299 	.globl _EP4FIFOIRQ
                            300 	.globl _EP4FIFOIE
                            301 	.globl _EP2FIFOIRQ
                            302 	.globl _EP2FIFOIE
                            303 	.globl _OUTPKTEND
                            304 	.globl _INPKTEND
                            305 	.globl _EP8ISOINPKTS
                            306 	.globl _EP6ISOINPKTS
                            307 	.globl _EP4ISOINPKTS
                            308 	.globl _EP2ISOINPKTS
                            309 	.globl _EP8FIFOPFL
                            310 	.globl _EP8FIFOPFH
                            311 	.globl _EP6FIFOPFL
                            312 	.globl _EP6FIFOPFH
                            313 	.globl _EP4FIFOPFL
                            314 	.globl _EP4FIFOPFH
                            315 	.globl _EP2FIFOPFL
                            316 	.globl _EP2FIFOPFH
                            317 	.globl _EP8AUTOINLENL
                            318 	.globl _EP8AUTOINLENH
                            319 	.globl _EP6AUTOINLENL
                            320 	.globl _EP6AUTOINLENH
                            321 	.globl _EP4AUTOINLENL
                            322 	.globl _EP4AUTOINLENH
                            323 	.globl _EP2AUTOINLENL
                            324 	.globl _EP2AUTOINLENH
                            325 	.globl _EP8FIFOCFG
                            326 	.globl _EP6FIFOCFG
                            327 	.globl _EP4FIFOCFG
                            328 	.globl _EP2FIFOCFG
                            329 	.globl _EP8CFG
                            330 	.globl _EP6CFG
                            331 	.globl _EP4CFG
                            332 	.globl _EP2CFG
                            333 	.globl _EP1INCFG
                            334 	.globl _EP1OUTCFG
                            335 	.globl _REVCTL
                            336 	.globl _REVID
                            337 	.globl _FIFOPINPOLAR
                            338 	.globl _UART230
                            339 	.globl _BPADDRL
                            340 	.globl _BPADDRH
                            341 	.globl _BREAKPT
                            342 	.globl _FIFORESET
                            343 	.globl _PINFLAGSCD
                            344 	.globl _PINFLAGSAB
                            345 	.globl _IFCONFIG
                            346 	.globl _CPUCS
                            347 	.globl _RES_WAVEDATA_END
                            348 	.globl _GPIF_WAVE_DATA
                            349 	.globl _ep6ff_isr
                            350 ;--------------------------------------------------------
                            351 ; special function registers
                            352 ;--------------------------------------------------------
                            353 	.area RSEG    (ABS,DATA)
   0000                     354 	.org 0x0000
                    0080    355 _IOA	=	0x0080
                    0081    356 _SP	=	0x0081
                    0082    357 _DPL	=	0x0082
                    0083    358 _DPH	=	0x0083
                    0084    359 _DPL1	=	0x0084
                    0085    360 _DPH1	=	0x0085
                    0086    361 _DPS	=	0x0086
                    0087    362 _PCON	=	0x0087
                    0088    363 _TCON	=	0x0088
                    0089    364 _TMOD	=	0x0089
                    008A    365 _TL0	=	0x008a
                    008B    366 _TL1	=	0x008b
                    008C    367 _TH0	=	0x008c
                    008D    368 _TH1	=	0x008d
                    008E    369 _CKCON	=	0x008e
                    0090    370 _IOB	=	0x0090
                    0091    371 _EXIF	=	0x0091
                    0092    372 __XPAGE	=	0x0092
                    0098    373 _SCON0	=	0x0098
                    0099    374 _SBUF0	=	0x0099
                    009A    375 _AUTOPTRH1	=	0x009a
                    009B    376 _AUTOPTRL1	=	0x009b
                    009D    377 _AUTOPTRH2	=	0x009d
                    009E    378 _AUTOPTRL2	=	0x009e
                    00A0    379 _IOC	=	0x00a0
                    00A1    380 _INT2CLR	=	0x00a1
                    00A2    381 _INT4CLR	=	0x00a2
                    00A8    382 _IE	=	0x00a8
                    00AA    383 _EP2468STAT	=	0x00aa
                    00AB    384 _EP24FIFOFLGS	=	0x00ab
                    00AC    385 _EP68FIFOFLGS	=	0x00ac
                    00AF    386 _AUTOPTRSETUP	=	0x00af
                    00B0    387 _IOD	=	0x00b0
                    00B1    388 _IOE	=	0x00b1
                    00B2    389 _OEA	=	0x00b2
                    00B3    390 _OEB	=	0x00b3
                    00B4    391 _OEC	=	0x00b4
                    00B5    392 _OED	=	0x00b5
                    00B6    393 _OEE	=	0x00b6
                    00B8    394 _IP	=	0x00b8
                    00BA    395 _EP01STAT	=	0x00ba
                    00BB    396 _GPIFTRIG	=	0x00bb
                    00BD    397 _GPIFSGLDATH	=	0x00bd
                    00BE    398 _GPIFSGLDATLX	=	0x00be
                    00BF    399 _GPIFSGLDATLNOX	=	0x00bf
                    00C0    400 _SCON1	=	0x00c0
                    00C1    401 _SBUF1	=	0x00c1
                    00C8    402 _T2CON	=	0x00c8
                    00CA    403 _RCAP2L	=	0x00ca
                    00CB    404 _RCAP2H	=	0x00cb
                    00CC    405 _TL2	=	0x00cc
                    00CD    406 _TH2	=	0x00cd
                    00D0    407 _PSW	=	0x00d0
                    00D8    408 _EICON	=	0x00d8
                    00E0    409 _ACC	=	0x00e0
                    00E8    410 _EIE	=	0x00e8
                    00F0    411 _B	=	0x00f0
                    00F8    412 _EIP	=	0x00f8
                            413 ;--------------------------------------------------------
                            414 ; special function bits
                            415 ;--------------------------------------------------------
                            416 	.area RSEG    (ABS,DATA)
   0000                     417 	.org 0x0000
                    0080    418 _PA0	=	0x0080
                    0081    419 _PA1	=	0x0081
                    0082    420 _PA2	=	0x0082
                    0083    421 _PA3	=	0x0083
                    0084    422 _PA4	=	0x0084
                    0085    423 _PA5	=	0x0085
                    0086    424 _PA6	=	0x0086
                    0087    425 _PA7	=	0x0087
                    0088    426 _IT0	=	0x0088
                    0089    427 _IE0	=	0x0089
                    008A    428 _IT1	=	0x008a
                    008B    429 _IE1	=	0x008b
                    008C    430 _TR0	=	0x008c
                    008D    431 _TF0	=	0x008d
                    008E    432 _TR1	=	0x008e
                    008F    433 _TF1	=	0x008f
                    0090    434 _PB0	=	0x0090
                    0091    435 _PB1	=	0x0091
                    0092    436 _PB2	=	0x0092
                    0093    437 _PB3	=	0x0093
                    0094    438 _PB4	=	0x0094
                    0095    439 _PB5	=	0x0095
                    0096    440 _PB6	=	0x0096
                    0097    441 _PB7	=	0x0097
                    0098    442 _RI	=	0x0098
                    0099    443 _TI	=	0x0099
                    009A    444 _RB8	=	0x009a
                    009B    445 _TB8	=	0x009b
                    009C    446 _REN	=	0x009c
                    009D    447 _SM2	=	0x009d
                    009E    448 _SM1	=	0x009e
                    009F    449 _SM0	=	0x009f
                    00A0    450 _PC0	=	0x00a0
                    00A1    451 _PC1	=	0x00a1
                    00A2    452 _PC2	=	0x00a2
                    00A3    453 _PC3	=	0x00a3
                    00A4    454 _PC4	=	0x00a4
                    00A5    455 _PC5	=	0x00a5
                    00A6    456 _PC6	=	0x00a6
                    00A7    457 _PC7	=	0x00a7
                    00A8    458 _EX0	=	0x00a8
                    00A9    459 _ET0	=	0x00a9
                    00AA    460 _EX1	=	0x00aa
                    00AB    461 _ET1	=	0x00ab
                    00AC    462 _ES0	=	0x00ac
                    00AD    463 _ET2	=	0x00ad
                    00AE    464 _ES1	=	0x00ae
                    00AF    465 _EA	=	0x00af
                    00B0    466 _PD0	=	0x00b0
                    00B1    467 _PD1	=	0x00b1
                    00B2    468 _PD2	=	0x00b2
                    00B3    469 _PD3	=	0x00b3
                    00B4    470 _PD4	=	0x00b4
                    00B5    471 _PD5	=	0x00b5
                    00B6    472 _PD6	=	0x00b6
                    00B7    473 _PD7	=	0x00b7
                    00B8    474 _PX0	=	0x00b8
                    00B9    475 _PT0	=	0x00b9
                    00BA    476 _PX1	=	0x00ba
                    00BB    477 _PT1	=	0x00bb
                    00BC    478 _PS0	=	0x00bc
                    00BD    479 _PT2	=	0x00bd
                    00BE    480 _PS1	=	0x00be
                    00C0    481 _RI1	=	0x00c0
                    00C1    482 _TI1	=	0x00c1
                    00C2    483 _RB81	=	0x00c2
                    00C3    484 _TB81	=	0x00c3
                    00C4    485 _REN1	=	0x00c4
                    00C5    486 _SM21	=	0x00c5
                    00C6    487 _SM11	=	0x00c6
                    00C7    488 _SM01	=	0x00c7
                    00C8    489 _CP_RL2	=	0x00c8
                    00C9    490 _C_T2	=	0x00c9
                    00CA    491 _TR2	=	0x00ca
                    00CB    492 _EXEN2	=	0x00cb
                    00CC    493 _TCLK	=	0x00cc
                    00CD    494 _RCLK	=	0x00cd
                    00CE    495 _EXF2	=	0x00ce
                    00CF    496 _TF2	=	0x00cf
                    00D0    497 _P	=	0x00d0
                    00D1    498 _FL	=	0x00d1
                    00D2    499 _OV	=	0x00d2
                    00D3    500 _RS0	=	0x00d3
                    00D4    501 _RS1	=	0x00d4
                    00D5    502 _F0	=	0x00d5
                    00D6    503 _AC	=	0x00d6
                    00D7    504 _CY	=	0x00d7
                    00DB    505 _INT6	=	0x00db
                    00DC    506 _RESI	=	0x00dc
                    00DD    507 _ERESI	=	0x00dd
                    00DF    508 _SMOD1	=	0x00df
                    00E8    509 _EUSB	=	0x00e8
                    00E9    510 _EI2C	=	0x00e9
                    00EA    511 _EIEX4	=	0x00ea
                    00EB    512 _EIEX5	=	0x00eb
                    00EC    513 _EIEX6	=	0x00ec
                    00F8    514 _PUSB	=	0x00f8
                    00F9    515 _PI2C	=	0x00f9
                    00FA    516 _EIPX4	=	0x00fa
                    00FB    517 _EIPX5	=	0x00fb
                    00FC    518 _EIPX6	=	0x00fc
                            519 ;--------------------------------------------------------
                            520 ; overlayable register banks
                            521 ;--------------------------------------------------------
                            522 	.area REG_BANK_0	(REL,OVR,DATA)
   0000                     523 	.ds 8
                            524 ;--------------------------------------------------------
                            525 ; internal ram data
                            526 ;--------------------------------------------------------
                            527 	.area DSEG    (DATA)
                            528 ;--------------------------------------------------------
                            529 ; overlayable items in internal ram 
                            530 ;--------------------------------------------------------
                            531 	.area OSEG    (OVR,DATA)
                            532 ;--------------------------------------------------------
                            533 ; indirectly addressable internal ram data
                            534 ;--------------------------------------------------------
                            535 	.area ISEG    (DATA)
                            536 ;--------------------------------------------------------
                            537 ; absolute internal ram data
                            538 ;--------------------------------------------------------
                            539 	.area IABS    (ABS,DATA)
                            540 	.area IABS    (ABS,DATA)
                            541 ;--------------------------------------------------------
                            542 ; bit data
                            543 ;--------------------------------------------------------
                            544 	.area BSEG    (BIT)
                            545 ;--------------------------------------------------------
                            546 ; paged external ram data
                            547 ;--------------------------------------------------------
                            548 	.area PSEG    (PAG,XDATA)
                            549 ;--------------------------------------------------------
                            550 ; external ram data
                            551 ;--------------------------------------------------------
                            552 	.area XSEG    (XDATA)
                    E400    553 _GPIF_WAVE_DATA	=	0xe400
                    E480    554 _RES_WAVEDATA_END	=	0xe480
                    E600    555 _CPUCS	=	0xe600
                    E601    556 _IFCONFIG	=	0xe601
                    E602    557 _PINFLAGSAB	=	0xe602
                    E603    558 _PINFLAGSCD	=	0xe603
                    E604    559 _FIFORESET	=	0xe604
                    E605    560 _BREAKPT	=	0xe605
                    E606    561 _BPADDRH	=	0xe606
                    E607    562 _BPADDRL	=	0xe607
                    E608    563 _UART230	=	0xe608
                    E609    564 _FIFOPINPOLAR	=	0xe609
                    E60A    565 _REVID	=	0xe60a
                    E60B    566 _REVCTL	=	0xe60b
                    E610    567 _EP1OUTCFG	=	0xe610
                    E611    568 _EP1INCFG	=	0xe611
                    E612    569 _EP2CFG	=	0xe612
                    E613    570 _EP4CFG	=	0xe613
                    E614    571 _EP6CFG	=	0xe614
                    E615    572 _EP8CFG	=	0xe615
                    E618    573 _EP2FIFOCFG	=	0xe618
                    E619    574 _EP4FIFOCFG	=	0xe619
                    E61A    575 _EP6FIFOCFG	=	0xe61a
                    E61B    576 _EP8FIFOCFG	=	0xe61b
                    E620    577 _EP2AUTOINLENH	=	0xe620
                    E621    578 _EP2AUTOINLENL	=	0xe621
                    E622    579 _EP4AUTOINLENH	=	0xe622
                    E623    580 _EP4AUTOINLENL	=	0xe623
                    E624    581 _EP6AUTOINLENH	=	0xe624
                    E625    582 _EP6AUTOINLENL	=	0xe625
                    E626    583 _EP8AUTOINLENH	=	0xe626
                    E627    584 _EP8AUTOINLENL	=	0xe627
                    E630    585 _EP2FIFOPFH	=	0xe630
                    E631    586 _EP2FIFOPFL	=	0xe631
                    E632    587 _EP4FIFOPFH	=	0xe632
                    E633    588 _EP4FIFOPFL	=	0xe633
                    E634    589 _EP6FIFOPFH	=	0xe634
                    E635    590 _EP6FIFOPFL	=	0xe635
                    E636    591 _EP8FIFOPFH	=	0xe636
                    E637    592 _EP8FIFOPFL	=	0xe637
                    E640    593 _EP2ISOINPKTS	=	0xe640
                    E641    594 _EP4ISOINPKTS	=	0xe641
                    E642    595 _EP6ISOINPKTS	=	0xe642
                    E643    596 _EP8ISOINPKTS	=	0xe643
                    E648    597 _INPKTEND	=	0xe648
                    E649    598 _OUTPKTEND	=	0xe649
                    E650    599 _EP2FIFOIE	=	0xe650
                    E651    600 _EP2FIFOIRQ	=	0xe651
                    E652    601 _EP4FIFOIE	=	0xe652
                    E653    602 _EP4FIFOIRQ	=	0xe653
                    E654    603 _EP6FIFOIE	=	0xe654
                    E655    604 _EP6FIFOIRQ	=	0xe655
                    E656    605 _EP8FIFOIE	=	0xe656
                    E657    606 _EP8FIFOIRQ	=	0xe657
                    E658    607 _IBNIE	=	0xe658
                    E659    608 _IBNIRQ	=	0xe659
                    E65A    609 _NAKIE	=	0xe65a
                    E65B    610 _NAKIRQ	=	0xe65b
                    E65C    611 _USBIE	=	0xe65c
                    E65D    612 _USBIRQ	=	0xe65d
                    E65E    613 _EPIE	=	0xe65e
                    E65F    614 _EPIRQ	=	0xe65f
                    E660    615 _GPIFIE	=	0xe660
                    E661    616 _GPIFIRQ	=	0xe661
                    E662    617 _USBERRIE	=	0xe662
                    E663    618 _USBERRIRQ	=	0xe663
                    E664    619 _ERRCNTLIM	=	0xe664
                    E665    620 _CLRERRCNT	=	0xe665
                    E666    621 _INT2IVEC	=	0xe666
                    E667    622 _INT4IVEC	=	0xe667
                    E668    623 _INTSETUP	=	0xe668
                    E670    624 _PORTACFG	=	0xe670
                    E671    625 _PORTCCFG	=	0xe671
                    E672    626 _PORTECFG	=	0xe672
                    E678    627 _I2CS	=	0xe678
                    E679    628 _I2DAT	=	0xe679
                    E67A    629 _I2CTL	=	0xe67a
                    E67B    630 _XAUTODAT1	=	0xe67b
                    E67C    631 _XAUTODAT2	=	0xe67c
                    E680    632 _USBCS	=	0xe680
                    E681    633 _SUSPEND	=	0xe681
                    E682    634 _WAKEUPCS	=	0xe682
                    E683    635 _TOGCTL	=	0xe683
                    E684    636 _USBFRAMEH	=	0xe684
                    E685    637 _USBFRAMEL	=	0xe685
                    E686    638 _MICROFRAME	=	0xe686
                    E687    639 _FNADDR	=	0xe687
                    E68A    640 _EP0BCH	=	0xe68a
                    E68B    641 _EP0BCL	=	0xe68b
                    E68D    642 _EP1OUTBC	=	0xe68d
                    E68F    643 _EP1INBC	=	0xe68f
                    E690    644 _EP2BCH	=	0xe690
                    E691    645 _EP2BCL	=	0xe691
                    E694    646 _EP4BCH	=	0xe694
                    E695    647 _EP4BCL	=	0xe695
                    E698    648 _EP6BCH	=	0xe698
                    E699    649 _EP6BCL	=	0xe699
                    E69C    650 _EP8BCH	=	0xe69c
                    E69D    651 _EP8BCL	=	0xe69d
                    E6A0    652 _EP0CS	=	0xe6a0
                    E6A1    653 _EP1OUTCS	=	0xe6a1
                    E6A2    654 _EP1INCS	=	0xe6a2
                    E6A3    655 _EP2CS	=	0xe6a3
                    E6A4    656 _EP4CS	=	0xe6a4
                    E6A5    657 _EP6CS	=	0xe6a5
                    E6A6    658 _EP8CS	=	0xe6a6
                    E6A7    659 _EP2FIFOFLGS	=	0xe6a7
                    E6A8    660 _EP4FIFOFLGS	=	0xe6a8
                    E6A9    661 _EP6FIFOFLGS	=	0xe6a9
                    E6AA    662 _EP8FIFOFLGS	=	0xe6aa
                    E6AB    663 _EP2FIFOBCH	=	0xe6ab
                    E6AC    664 _EP2FIFOBCL	=	0xe6ac
                    E6AD    665 _EP4FIFOBCH	=	0xe6ad
                    E6AE    666 _EP4FIFOBCL	=	0xe6ae
                    E6AF    667 _EP6FIFOBCH	=	0xe6af
                    E6B0    668 _EP6FIFOBCL	=	0xe6b0
                    E6B1    669 _EP8FIFOBCH	=	0xe6b1
                    E6B2    670 _EP8FIFOBCL	=	0xe6b2
                    E6B3    671 _SUDPTRH	=	0xe6b3
                    E6B4    672 _SUDPTRL	=	0xe6b4
                    E6B5    673 _SUDPTRCTL	=	0xe6b5
                    E6B8    674 _SETUPDAT	=	0xe6b8
                    E6C0    675 _GPIFWFSELECT	=	0xe6c0
                    E6C1    676 _GPIFIDLECS	=	0xe6c1
                    E6C2    677 _GPIFIDLECTL	=	0xe6c2
                    E6C3    678 _GPIFCTLCFG	=	0xe6c3
                    E6C4    679 _GPIFADRH	=	0xe6c4
                    E6C5    680 _GPIFADRL	=	0xe6c5
                    E6CE    681 _GPIFTCB3	=	0xe6ce
                    E6CF    682 _GPIFTCB2	=	0xe6cf
                    E6D0    683 _GPIFTCB1	=	0xe6d0
                    E6D1    684 _GPIFTCB0	=	0xe6d1
                    E6D2    685 _EP2GPIFFLGSEL	=	0xe6d2
                    E6D3    686 _EP2GPIFPFSTOP	=	0xe6d3
                    E6D4    687 _EP2GPIFTRIG	=	0xe6d4
                    E6DA    688 _EP4GPIFFLGSEL	=	0xe6da
                    E6DB    689 _EP4GPIFPFSTOP	=	0xe6db
                    E6DC    690 _EP4GPIFTRIG	=	0xe6dc
                    E6E2    691 _EP6GPIFFLGSEL	=	0xe6e2
                    E6E3    692 _EP6GPIFPFSTOP	=	0xe6e3
                    E6E4    693 _EP6GPIFTRIG	=	0xe6e4
                    E6EA    694 _EP8GPIFFLGSEL	=	0xe6ea
                    E6EB    695 _EP8GPIFPFSTOP	=	0xe6eb
                    E6EC    696 _EP8GPIFTRIG	=	0xe6ec
                    E6F0    697 _XGPIFSGLDATH	=	0xe6f0
                    E6F1    698 _XGPIFSGLDATLX	=	0xe6f1
                    E6F2    699 _XGPIFSGLDATLNOX	=	0xe6f2
                    E6F3    700 _GPIFREADYCFG	=	0xe6f3
                    E6F4    701 _GPIFREADYSTAT	=	0xe6f4
                    E6F5    702 _GPIFABORT	=	0xe6f5
                    E6C6    703 _FLOWSTATE	=	0xe6c6
                    E6C7    704 _FLOWLOGIC	=	0xe6c7
                    E6C8    705 _FLOWEQ0CTL	=	0xe6c8
                    E6C9    706 _FLOWEQ1CTL	=	0xe6c9
                    E6CA    707 _FLOWHOLDOFF	=	0xe6ca
                    E6CB    708 _FLOWSTB	=	0xe6cb
                    E6CC    709 _FLOWSTBEDGE	=	0xe6cc
                    E6CD    710 _FLOWSTBHPERIOD	=	0xe6cd
                    E60C    711 _GPIFHOLDAMOUNT	=	0xe60c
                    E67D    712 _UDMACRCH	=	0xe67d
                    E67E    713 _UDMACRCL	=	0xe67e
                    E67F    714 _UDMACRCQUAL	=	0xe67f
                    E740    715 _EP0BUF	=	0xe740
                    E780    716 _EP1OUTBUF	=	0xe780
                    E7C0    717 _EP1INBUF	=	0xe7c0
                    F000    718 _EP2FIFOBUF	=	0xf000
                    F400    719 _EP4FIFOBUF	=	0xf400
                    F800    720 _EP6FIFOBUF	=	0xf800
                    FC00    721 _EP8FIFOBUF	=	0xfc00
                    E628    722 _ECCCFG	=	0xe628
                    E629    723 _ECCRESET	=	0xe629
                    E62A    724 _ECC1B0	=	0xe62a
                    E62B    725 _ECC1B1	=	0xe62b
                    E62C    726 _ECC1B2	=	0xe62c
                    E62D    727 _ECC2B0	=	0xe62d
                    E62E    728 _ECC2B1	=	0xe62e
                    E62F    729 _ECC2B2	=	0xe62f
                    E50D    730 _GPCR2	=	0xe50d
                            731 ;--------------------------------------------------------
                            732 ; absolute external ram data
                            733 ;--------------------------------------------------------
                            734 	.area XABS    (ABS,XDATA)
                            735 ;--------------------------------------------------------
                            736 ; external initialized ram data
                            737 ;--------------------------------------------------------
                            738 	.area XISEG   (XDATA)
                            739 	.area HOME    (CODE)
                            740 	.area GSINIT0 (CODE)
                            741 	.area GSINIT1 (CODE)
                            742 	.area GSINIT2 (CODE)
                            743 	.area GSINIT3 (CODE)
                            744 	.area GSINIT4 (CODE)
                            745 	.area GSINIT5 (CODE)
                            746 	.area GSINIT  (CODE)
                            747 	.area GSFINAL (CODE)
                            748 	.area CSEG    (CODE)
                            749 ;--------------------------------------------------------
                            750 ; global & static initialisations
                            751 ;--------------------------------------------------------
                            752 	.area HOME    (CODE)
                            753 	.area GSINIT  (CODE)
                            754 	.area GSFINAL (CODE)
                            755 	.area GSINIT  (CODE)
                            756 ;--------------------------------------------------------
                            757 ; Home
                            758 ;--------------------------------------------------------
                            759 	.area HOME    (CODE)
                            760 	.area HOME    (CODE)
                            761 ;--------------------------------------------------------
                            762 ; code
                            763 ;--------------------------------------------------------
                            764 	.area CSEG    (CODE)
                            765 ;------------------------------------------------------------
                            766 ;Allocation info for local variables in function 'ep6ff_isr'
                            767 ;------------------------------------------------------------
                            768 ;------------------------------------------------------------
                            769 ;	interrupts/ep6ff_isr.c:21: void ep6ff_isr() interrupt EP6FF_ISR{}
                            770 ;	-----------------------------------------
                            771 ;	 function ep6ff_isr
                            772 ;	-----------------------------------------
   0000                     773 _ep6ff_isr:
                    0002    774 	ar2 = 0x02
                    0003    775 	ar3 = 0x03
                    0004    776 	ar4 = 0x04
                    0005    777 	ar5 = 0x05
                    0006    778 	ar6 = 0x06
                    0007    779 	ar7 = 0x07
                    0000    780 	ar0 = 0x00
                    0001    781 	ar1 = 0x01
   0000 32                  782 	reti
                            783 ;	eliminated unneeded push/pop psw
                            784 ;	eliminated unneeded push/pop dpl
                            785 ;	eliminated unneeded push/pop dph
                            786 ;	eliminated unneeded push/pop b
                            787 ;	eliminated unneeded push/pop acc
                            788 	.area CSEG    (CODE)
                            789 	.area CONST   (CODE)
                            790 	.area XINIT   (CODE)
                            791 	.area CABS    (ABS,CODE)
