ASxxxx Assembler V02.00 + NoICE + SDCC mods + Flat24  (Intel 8051), page 1.



                              1 ; Copyright (C) 2009 Ubixum, Inc. 
                              2 ;
                              3 ; This library is free software; you can redistribute it and/or
                              4 ; modify it under the terms of the GNU Lesser General Public
                              5 ; License as published by the Free Software Foundation; either
                              6 ; version 2.1 of the License, or (at your option) any later version.
                              7 ; 
                              8 ; This library is distributed in the hope that it will be useful,
                              9 ; but WITHOUT ANY WARRANTY; without even the implied warranty of
                             10 ; MERCHANTABILITY or FITNESS FOR A PARTICULAR PURPOSE.  See the GNU
                             11 ; Lesser General Public License for more details.
                             12 ; 
                             13 ; You should have received a copy of the GNU Lesser General Public
                             14 ; License along with this library; if not, write to the Free Software
                             15 ; Foundation, Inc., 51 Franklin Street, Fifth Floor, Boston, MA  02110-1301  USA
                             16 
                             17 ; this is a the default 
                             18 ; full speed and high speed 
                             19 ; descriptors found in the TRM
                             20 ; change however you want but leave 
                             21 ; the descriptor pointers so the setupdat.c file works right
                             22  
                             23 
                             24 .module DEV_DSCR 
                             25 
                             26 ; descriptor types
                             27 ; same as setupdat.h
                    0001     28 DSCR_DEVICE_TYPE=1
                    0002     29 DSCR_CONFIG_TYPE=2
                    0003     30 DSCR_STRING_TYPE=3
                    0004     31 DSCR_INTERFACE_TYPE=4
                    0005     32 DSCR_ENDPOINT_TYPE=5
                    0006     33 DSCR_DEVQUAL_TYPE=6
                             34 
                             35 ; for the repeating interfaces
                    0009     36 DSCR_INTERFACE_LEN=9
                    0007     37 DSCR_ENDPOINT_LEN=7
                             38 
                             39 ; endpoint types
                    0000     40 ENDPOINT_TYPE_CONTROL=0
                    0001     41 ENDPOINT_TYPE_ISO=1
                    0002     42 ENDPOINT_TYPE_BULK=2
                    0003     43 ENDPOINT_TYPE_INT=3
                             44 
                             45     .globl	_dev_dscr, _dev_qual_dscr, _highspd_dscr, _fullspd_dscr, _dev_strings, _dev_strings_end
                             46 ; These need to be in code memory.  If
                             47 ; they aren't you'll have to manully copy them somewhere
                             48 ; in code memory otherwise SUDPTRH:L don't work right
                             49     .area	DSCR_AREA	(CODE)
                             50 
   0000                      51 _dev_dscr:
   0000 12                   52 	.db	dev_dscr_end-_dev_dscr    ; len
   0001 01                   53 	.db	DSCR_DEVICE_TYPE		  ; type
   0002 00 02                54 	.dw	0x0002					  ; usb 2.0
   0004 FF                   55 	.db	0xff  					  ; class (vendor specific)
   0005 FF                   56 	.db	0xff					  ; subclass (vendor specific)
ASxxxx Assembler V02.00 + NoICE + SDCC mods + Flat24  (Intel 8051), page 2.



   0006 FF                   57 	.db	0xff					  ; protocol (vendor specific)
   0007 40                   58 	.db	64						  ; packet size (ep0)
   0008 B4 04                59 	.dw	0xB404					  ; vendor id 
   000A 10 04                60 	.dw	0x1004					  ; product id
   000C 00 00                61 	.dw	0x0000					  ; version id
   000E 00                   62 	.db	0		                  ; manufacturure str idx				
   000F 02                   63 	.db	2				          ; product str idx	
   0010 00                   64 	.db	0				          ; serial str idx 
   0011 01                   65 	.db	1			              ; n configurations
   0012                      66 dev_dscr_end:
                             67 
   0012                      68 _dev_qual_dscr:
   0012 0A                   69 	.db	dev_qualdscr_end-_dev_qual_dscr
   0013 06                   70 	.db	DSCR_DEVQUAL_TYPE
   0014 00 02                71 	.dw	0x0002                              ; usb 2.0
   0016 FF                   72 	.db	0xff
   0017 FF                   73 	.db	0xff
   0018 FF                   74 	.db	0xff
   0019 40                   75 	.db	64                                  ; max packet
   001A 01                   76 	.db	1									; n configs
   001B 00                   77 	.db	0									; extra reserved byte
   001C                      78 dev_qualdscr_end:
                             79 
   001C                      80 _highspd_dscr:
   001C 09                   81 	.db	highspd_dscr_end-_highspd_dscr      ; dscr len											;; Descriptor length
   001D 02                   82 	.db	DSCR_CONFIG_TYPE
                             83     ; can't use .dw because byte order is different
   001E 87                   84 	.db	(highspd_dscr_realend-_highspd_dscr) % 256 ; total length of config lsb
   001F 00                   85 	.db	(highspd_dscr_realend-_highspd_dscr) / 256 ; total length of config msb
   0020 01                   86 	.db	1								 ; n interfaces
   0021 01                   87 	.db	1								 ; config number
   0022 00                   88 	.db	0								 ; config string
   0023 80                   89 	.db	0x80                             ; attrs = bus powered, no wakeup
   0024 FA                   90 	.db	0xFA                             ; max power = 500ma
   0025                      91 highspd_dscr_end:
                             92 
                             93 ; all the interfaces next 
                             94 ; NOTE the default TRM actually has more alt interfaces
                             95 ; but you can add them back in if you need them.
                             96 ; here, we just use the default alt setting 1 from the trm
   0025 09                   97 	.db	DSCR_INTERFACE_LEN
   0026 04                   98 	.db	DSCR_INTERFACE_TYPE
   0027 00                   99 	.db	0				 ; index
   0028 00                  100 	.db	0				 ; alt setting idx
   0029 01                  101 	.db	1				 ; n endpoints	
   002A FF                  102 	.db	0xff			 ; class
   002B FF                  103 	.db	0xff
   002C FF                  104 	.db	0xff
   002D 00                  105 	.db	0	             ; string index	
                            106 
                            107 
                            108 
                            109 ; endpoint 1 out
   002E 07                  110 	.db	DSCR_ENDPOINT_LEN
   002F 05                  111 	.db	DSCR_ENDPOINT_TYPE
   0030 82                  112 	.db	0x82				;  ep1 dir=out and address
ASxxxx Assembler V02.00 + NoICE + SDCC mods + Flat24  (Intel 8051), page 3.



   0031 02                  113 	.db	ENDPOINT_TYPE_BULK	; type
   0032 00                  114 	.db	0x00				; max packet LSB
   0033 02                  115 	.db	0x02				; max packet size=512 bytes
   0034 00                  116 	.db	0x00				; polling interval
                            117   
                            118 ; alt 1
                            119 
   0035 09                  120 	.db	DSCR_INTERFACE_LEN
   0036 04                  121 	.db	DSCR_INTERFACE_TYPE
   0037 00                  122 	.db	0				 ; index
   0038 01                  123 	.db	1				 ; alt setting idx
   0039 01                  124 	.db	1				 ; n endpoints	
   003A FF                  125 	.db	0xff			 ; class
   003B FF                  126 	.db	0xff
   003C FF                  127 	.db	0xff
   003D 00                  128 	.db	0	             ; string index	
                            129 
                            130 ; endpoint 1 in 
   003E 07                  131 	.db	DSCR_ENDPOINT_LEN
   003F 05                  132 	.db	DSCR_ENDPOINT_TYPE
   0040 02                  133 	.db	0x02				;  ep1 dir=in and address
   0041 02                  134 	.db	ENDPOINT_TYPE_BULK	; type
   0042 00                  135 	.db	0x00				; max packet LSB
   0043 02                  136 	.db	0x02				; max packet size=512 bytes
   0044 00                  137 	.db	0x00				; polling interval
                            138 
                            139 ; alt 2
                            140 
   0045 09                  141 	.db	DSCR_INTERFACE_LEN
   0046 04                  142 	.db	DSCR_INTERFACE_TYPE
   0047 00                  143 	.db	0				 ; index
   0048 02                  144 	.db	2				 ; alt setting idx
   0049 02                  145 	.db	2				 ; n endpoints	
   004A FF                  146 	.db	0xff			 ; class
   004B FF                  147 	.db	0xff
   004C FF                  148 	.db	0xff
   004D 00                  149 	.db	0	             ; string index	
                            150 
                            151 ; endpoint 2 out
   004E 07                  152 	.db	DSCR_ENDPOINT_LEN
   004F 05                  153 	.db	DSCR_ENDPOINT_TYPE
   0050 82                  154 	.db	0x82				;  ep2 dir=OUT and address
   0051 02                  155 	.db	ENDPOINT_TYPE_BULK	; type
   0052 00                  156 	.db	0x00				; max packet LSB
   0053 02                  157 	.db	0x02				; max packet size=512 bytes
   0054 00                  158 	.db	0x00				; polling interval
                            159 
                            160 ; endpoint 4 out
   0055 07                  161 	.db	DSCR_ENDPOINT_LEN
   0056 05                  162 	.db	DSCR_ENDPOINT_TYPE
   0057 06                  163 	.db	0x06				;  ep4 dir=OUT and address
   0058 02                  164 	.db	ENDPOINT_TYPE_BULK	; type
   0059 00                  165 	.db	0x00				; max packet LSB
   005A 02                  166 	.db	0x02				; max packet size=512 bytes
   005B 00                  167 	.db	0x00				; polling interval
                            168 
ASxxxx Assembler V02.00 + NoICE + SDCC mods + Flat24  (Intel 8051), page 4.



                            169 ; alt 3
                            170 
   005C 09                  171 	.db	DSCR_INTERFACE_LEN
   005D 04                  172 	.db	DSCR_INTERFACE_TYPE
   005E 00                  173 	.db	0				 ; index
   005F 03                  174 	.db	3				 ; alt setting idx
   0060 01                  175 	.db	1				 ; n endpoints	
   0061 FF                  176 	.db	0xff			 ; class
   0062 FF                  177 	.db	0xff
   0063 FF                  178 	.db	0xff
   0064 00                  179 	.db	0	             ; string index	
                            180 
                            181 ; endpoint 6 in
   0065 07                  182 	.db	DSCR_ENDPOINT_LEN
   0066 05                  183 	.db	DSCR_ENDPOINT_TYPE
   0067 82                  184 	.db	0x82				;  ep6 dir=in and address
   0068 01                  185 	.db	ENDPOINT_TYPE_ISO	; type
   0069 00                  186 	.db	0x00				; max packet LSB
   006A 14                  187 	.db	0x14				; max packet size=512 bytes
   006B 01                  188 	.db	0x01				; polling interval
                            189 
                            190 ; alt 4
                            191 
   006C 09                  192 	.db	DSCR_INTERFACE_LEN
   006D 04                  193 	.db	DSCR_INTERFACE_TYPE
   006E 00                  194 	.db	0				 ; index
   006F 04                  195 	.db	4				 ; alt setting idx
   0070 01                  196 	.db	1				 ; n endpoints	
   0071 FF                  197 	.db	0xff			 ; class
   0072 FF                  198 	.db	0xff
   0073 FF                  199 	.db	0xff
   0074 00                  200 	.db	0	             ; string index	
                            201 
                            202 ; endpoint 8 in
   0075 07                  203 	.db	DSCR_ENDPOINT_LEN
   0076 05                  204 	.db	DSCR_ENDPOINT_TYPE
   0077 02                  205 	.db	0x02				;  ep8 dir=in and address
   0078 01                  206 	.db	ENDPOINT_TYPE_ISO	; type
   0079 00                  207 	.db	0x00				; max packet LSB
   007A 14                  208 	.db	0x14				; max packet size=512 bytes
   007B 01                  209 	.db	0x01				; polling interval
                            210 
                            211 ; alt 5
   007C 09                  212 	.db	DSCR_INTERFACE_LEN
   007D 04                  213 	.db	DSCR_INTERFACE_TYPE
   007E 00                  214 	.db	0				 ; index
   007F 05                  215 	.db	5				 ; alt setting idx
   0080 01                  216 	.db	1				 ; n endpoints	
   0081 FF                  217 	.db	0xff			 ; class
   0082 FF                  218 	.db	0xff
   0083 FF                  219 	.db	0xff
   0084 00                  220 	.db	0	             ; string index	
                            221 
                            222 ; endpoint 8 in
   0085 07                  223 	.db	DSCR_ENDPOINT_LEN
   0086 05                  224 	.db	DSCR_ENDPOINT_TYPE
ASxxxx Assembler V02.00 + NoICE + SDCC mods + Flat24  (Intel 8051), page 5.



   0087 82                  225 	.db	0x82				;  ep8 dir=in and address
   0088 01                  226 	.db	ENDPOINT_TYPE_ISO	; type
   0089 00                  227 	.db	0x00				; max packet LSB
   008A 04                  228 	.db	0x04				; max packet size=512 bytes
   008B 01                  229 	.db	0x01				; polling interval
                            230 ; alt 6
   008C 09                  231 	.db	DSCR_INTERFACE_LEN
   008D 04                  232 	.db	DSCR_INTERFACE_TYPE
   008E 00                  233 	.db	0				 ; index
   008F 06                  234 	.db	6				 ; alt setting idx
   0090 02                  235 	.db	2				 ; n endpoints	
   0091 FF                  236 	.db	0xff			 ; class
   0092 FF                  237 	.db	0xff
   0093 FF                  238 	.db	0xff
   0094 00                  239 	.db	0	             ; string index	
                            240 
                            241 ; endpoint 8 in
   0095 07                  242 	.db	DSCR_ENDPOINT_LEN
   0096 05                  243 	.db	DSCR_ENDPOINT_TYPE
   0097 82                  244 	.db	0x82				;  ep8 dir=in and address
   0098 01                  245 	.db	ENDPOINT_TYPE_ISO	; type
   0099 00                  246 	.db	0x00				; max packet LSB
   009A 04                  247 	.db	0x04				; max packet size=512 bytes
   009B 01                  248 	.db	0x01				; polling interval
                            249 
   009C 07                  250 	.db	DSCR_ENDPOINT_LEN
   009D 05                  251 	.db	DSCR_ENDPOINT_TYPE
   009E 06                  252 	.db	0x06				;  ep8 dir=in and address
   009F 01                  253 	.db	ENDPOINT_TYPE_ISO	; type
   00A0 00                  254 	.db	0x00				; max packet LSB
   00A1 04                  255 	.db	0x04				; max packet size=512 bytes
   00A2 01                  256 	.db	0x01				; polling interval
                            257 
   00A3                     258 highspd_dscr_realend:
                            259 
   00A4                     260 .even
   00A4                     261 _fullspd_dscr:
   00A4 09                  262 	.db	fullspd_dscr_end-_fullspd_dscr      ; dscr len
   00A5 02                  263 	.db	DSCR_CONFIG_TYPE
                            264     ; can't use .dw because byte order is different
   00A6 49                  265 	.db	(fullspd_dscr_realend-_fullspd_dscr) % 256 ; total length of config lsb
   00A7 00                  266 	.db	(fullspd_dscr_realend-_fullspd_dscr) / 256 ; total length of config msb
   00A8 01                  267 	.db	1								 ; n interfaces
   00A9 01                  268 	.db	1								 ; config number
   00AA 00                  269 	.db	0								 ; config string
   00AB 80                  270 	.db	0x80                             ; attrs = bus powered, no wakeup
   00AC FA                  271 	.db	0xFA                              ; max power = 100ma
   00AD                     272 fullspd_dscr_end:
                            273 
                            274 ; all the interfaces next 
                            275 ; NOTE the default TRM actually has more alt interfaces
                            276 ; but you can add them back in if you need them.
                            277 ; here, we just use the default alt setting 1 from the trm
   00AD 09                  278 	.db	DSCR_INTERFACE_LEN
   00AE 04                  279 	.db	DSCR_INTERFACE_TYPE
   00AF 00                  280 	.db	0				 ; index
ASxxxx Assembler V02.00 + NoICE + SDCC mods + Flat24  (Intel 8051), page 6.



   00B0 00                  281 	.db	0				 ; alt setting idx
   00B1 01                  282 	.db	1				 ; n endpoints	
   00B2 FF                  283 	.db	0xff			 ; class
   00B3 00                  284 	.db	0x00
   00B4 00                  285 	.db	0x00
   00B5 00                  286 	.db	0	             ; string index	
                            287 
                            288 ; endpoint 1 out
   00B6 07                  289 	.db	DSCR_ENDPOINT_LEN
   00B7 05                  290 	.db	DSCR_ENDPOINT_TYPE
   00B8 82                  291 	.db	0x82				;  ep1 dir=out and address
   00B9 02                  292 	.db	ENDPOINT_TYPE_BULK	; type
   00BA 40                  293 	.db	0x40				; max packet LSB
   00BB 00                  294 	.db	0x00				; max packet size=64 bytes
   00BC 01                  295 	.db	0x01				; polling interval
                            296       
                            297 ; alt 1
   00BD 09                  298 	.db	DSCR_INTERFACE_LEN
   00BE 04                  299 	.db	DSCR_INTERFACE_TYPE
   00BF 00                  300 	.db	0				 ; index
   00C0 01                  301 	.db	1				 ; alt setting idx
   00C1 01                  302 	.db	1				 ; n endpoints	
   00C2 FF                  303 	.db	0xff			 ; class
   00C3 00                  304 	.db	0x00
   00C4 00                  305 	.db	0x00
   00C5 00                  306 	.db	0	             ; string index	
                            307 
                            308 ; endpoint 1 in 
   00C6 07                  309 	.db	DSCR_ENDPOINT_LEN
   00C7 05                  310 	.db	DSCR_ENDPOINT_TYPE
   00C8 02                  311 	.db	0x02				;  ep1 dir=in and address
   00C9 02                  312 	.db	ENDPOINT_TYPE_BULK	; type
   00CA 40                  313 	.db	0x40				; max packet LSB
   00CB 00                  314 	.db	0x00				; max packet size=64 bytes
   00CC 01                  315 	.db	0x01				; polling interval
                            316 
                            317 ; alt 2
   00CD 09                  318 	.db	DSCR_INTERFACE_LEN
   00CE 04                  319 	.db	DSCR_INTERFACE_TYPE
   00CF 00                  320 	.db	0				 ; index
   00D0 02                  321 	.db	2				 ; alt setting idx
   00D1 01                  322 	.db	1				 ; n endpoints	
   00D2 FF                  323 	.db	0xff			 ; class
   00D3 00                  324 	.db	0x00
   00D4 00                  325 	.db	0x00
   00D5 00                  326 	.db	0	             ; string index	
                            327 
                            328 ; endpoint 2 out
   00D6 07                  329 	.db	DSCR_ENDPOINT_LEN
   00D7 05                  330 	.db	DSCR_ENDPOINT_TYPE
   00D8 82                  331 	.db	0x82				;  ep2 dir=OUT and address
   00D9 01                  332 	.db	ENDPOINT_TYPE_ISO	; type
   00DA FF                  333 	.db	0xff				; max packet LSB
   00DB 03                  334 	.db	0x03				; max packet size=64 bytes
   00DC 01                  335 	.db	0x01				; polling interval
                            336 
ASxxxx Assembler V02.00 + NoICE + SDCC mods + Flat24  (Intel 8051), page 7.



                            337     ; alt 3
   00DD 09                  338 	.db	DSCR_INTERFACE_LEN
   00DE 04                  339 	.db	DSCR_INTERFACE_TYPE
   00DF 00                  340 	.db	0				 ; index
   00E0 03                  341 	.db	3				 ; alt setting idx
   00E1 01                  342 	.db	1				 ; n endpoints	
   00E2 FF                  343 	.db	0xff			 ; class
   00E3 00                  344 	.db	0x00
   00E4 00                  345 	.db	0x00
   00E5 00                  346 	.db	0	             ; string index	
                            347 
                            348 
                            349 ; endpoint 4 out
   00E6 07                  350 	.db	DSCR_ENDPOINT_LEN
   00E7 05                  351 	.db	DSCR_ENDPOINT_TYPE
   00E8 02                  352 	.db	0x02				;  ep4 dir=OUT and address
   00E9 01                  353 	.db	ENDPOINT_TYPE_ISO	; type
   00EA FF                  354 	.db	0xff				; max packet LSB
   00EB 03                  355 	.db	0x03				; max packet size=64 bytes
   00EC 01                  356 	.db	0x01				; polling interval
   00ED                     357 fullspd_dscr_realend:
                            358 
   00EE                     359     .even
   00EE                     360 _dev_strings:
                            361 ; sample string
   00EE                     362 _string0:
   00EE 04                  363 	.db	string0end-_string0 ; len
   00EF 03                  364 	.db	DSCR_STRING_TYPE
   00F0 09 04               365     .db 0x09, 0x04 ; 0x0409 is the language code for English.  Possible to add more codes after this. 
   00F2                     366 string0end:
                            367 ; add more strings here
                            368 
   00F2                     369 string1:
   00F2 10                  370     .db string1end-string1
   00F3 03                  371     .db DSCR_STRING_TYPE
   00F4 43                  372     .ascii 'C'
   00F5 00                  373     .db 0
   00F6 79                  374     .ascii 'y'
   00F7 00                  375     .db 0
   00F8 70                  376     .ascii 'p'
   00F9 00                  377     .db 0
   00FA 72                  378     .ascii 'r'
   00FB 00                  379     .db 0
   00FC 65                  380     .ascii 'e'
   00FD 00                  381     .db 0
   00FE 73                  382     .ascii 's'
   00FF 00                  383     .db 0
   0100 73                  384     .ascii 's'
   0101 00                  385     .db 0
   0102                     386 string1end:
                            387 
   0102                     388 string2:
   0102 14                  389     .db string2end-string2
   0103 03                  390     .db DSCR_STRING_TYPE
   0104 43                  391     .ascii 'C'
   0105 00                  392     .db 0
ASxxxx Assembler V02.00 + NoICE + SDCC mods + Flat24  (Intel 8051), page 8.



   0106 79                  393     .ascii 'y'
   0107 00                  394     .db 0
   0108 2D                  395     .ascii '-'
   0109 00                  396     .db 0
   010A 73                  397     .ascii 's'
   010B 00                  398     .db 0
   010C 74                  399     .ascii 't'
   010D 00                  400     .db 0
   010E 72                  401     .ascii 'r'
   010F 00                  402     .db 0
   0110 65                  403     .ascii 'e'
   0111 00                  404     .db 0
   0112 61                  405     .ascii 'a'
   0113 00                  406     .db 0
   0114 6D                  407     .ascii 'm'
   0115 00                  408     .db 0
                            409 
   0116                     410 string2end:
                            411 
   0116                     412 string3:
   0116 10                  413     .db string3end-string3
   0117 03                  414     .db DSCR_STRING_TYPE
   0118 42                  415     .ascii 'B'
   0119 00                  416     .db 0
   011A 75                  417     .ascii 'u'
   011B 00                  418     .db 0
   011C 6C                  419     .ascii 'l'
   011D 00                  420     .db 0
   011E 6B                  421     .ascii 'k'
   011F 00                  422     .db 0
   0120 2D                  423     .ascii '-'
   0121 00                  424     .db 0
   0122 49                  425     .ascii 'I'
   0123 00                  426     .db 0
   0124 4E                  427     .ascii 'N'
   0125 00                  428     .db 0
   0126                     429 string3end:
                            430 
   0126                     431 _dev_strings_end:
   0126 00 00               432     .dw 0x0000  ; in case you wanted to look at memory between _dev_strings and _dev_strings_end
